#
# A fatal error has been detected by the Java Runtime Environment:
#
#  EXCEPTION_ACCESS_VIOLATION (0xc0000005) at pc=0x00007ffdba27a5bc, pid=14020, tid=10124
#
# JRE version: OpenJDK Runtime Environment Corretto-11.0.12.7.1 (11.0.12+7) (build 11.0.12+7-LTS)
# Java VM: OpenJDK 64-Bit Server VM Corretto-11.0.12.7.1 (11.0.12+7-LTS, mixed mode, tiered, compressed oops, g1 gc, windows-amd64)
# Problematic frame:
# V  [jvm.dll+0x5ba5bc]
#
# No core dump will be written. Minidumps are not enabled by default on client versions of Windows
#
# If you would like to submit a bug report, please visit:
#   https://github.com/corretto/corretto-11/issues/
#

---------------  S U M M A R Y ------------

Command Line: --add-opens=java.base/java.util=ALL-UNNAMED --add-opens=java.base/java.lang=ALL-UNNAMED --add-opens=java.base/java.lang.invoke=ALL-UNNAMED --add-opens=java.base/java.util=ALL-UNNAMED --add-opens=java.prefs/java.util.prefs=ALL-UNNAMED --add-opens=java.prefs/java.util.prefs=ALL-UNNAMED --add-opens=java.base/java.nio.charset=ALL-UNNAMED --add-opens=java.base/java.net=ALL-UNNAMED --add-opens=java.base/java.util.concurrent.atomic=ALL-UNNAMED -XX:MaxMetaspaceSize=256m -XX:+HeapDumpOnOutOfMemoryError -Xms256m -Xmx512m -Dfile.encoding=windows-1252 -Duser.country=BR -Duser.language=pt -Duser.variant org.gradle.launcher.daemon.bootstrap.GradleDaemon 7.1.1

Host: Intel(R) Core(TM) i7-10510U CPU @ 1.80GHz, 8 cores, 15G,  Windows 10 , 64 bit Build 19041 (10.0.19041.1151)
Time: Sat Sep  4 15:19:44 2021 Hora oficial do Brasil elapsed time: 63197.471417 seconds (0d 17h 33m 17s)

---------------  T H R E A D  ---------------

Current thread (0x0000023413a89800):  GCTaskThread "GC Thread#7" [stack: 0x0000006be3200000,0x0000006be3300000] [id=10124]

Stack: [0x0000006be3200000,0x0000006be3300000],  sp=0x0000006be32ffc40,  free space=1023k
Native frames: (J=compiled Java code, j=interpreted, Vv=VM code, C=native code)
V  [jvm.dll+0x5ba5bc]
V  [jvm.dll+0x35cdf5]
V  [jvm.dll+0x2e5163]
V  [jvm.dll+0x7b81a0]
V  [jvm.dll+0x748574]
V  [jvm.dll+0x600c16]
C  [ucrtbase.dll+0x21bb2]
C  [KERNEL32.DLL+0x17034]
C  [ntdll.dll+0x52651]


siginfo: EXCEPTION_ACCESS_VIOLATION (0xc0000005), reading address 0xffffffffffffffff


Register to memory mapping:

RIP=0x00007ffdba27a5bc jvm.dll
RAX=0x0000023414c30a60 points into unknown readable memory: 0x0000000000000000 | 00 00 00 00 00 00 00 00
RBX=0x0000000000000001 is an unknown value
RCX=0x0000000000000008 is an unknown value
RDX=0x0 is NULL
RSP=0x0000006be32ffc40 points into unknown readable memory: 0x000002341cd2b8f8 | f8 b8 d2 1c 34 02 00 00
RBP=0x0000023411a825b0 points into unknown readable memory: 0x00007ffdba52f758 | 58 f7 52 ba fd 7f 00 00
RSI=0xff0d1117ff0d1117 is an unknown value
RDI=0x0000000000000008 is an unknown value
R8 =0x0000000000000002 is an unknown value
R9 =0x0 is NULL
R10=0x0 is NULL
R11=0x000002341c9a05e0 is pointing into metadata
R12=0x0 is NULL
R13=0x0 is NULL
R14=0x0 is NULL
R15=0x00000000000003d8 is an unknown value


Registers:
RAX=0x0000023414c30a60, RBX=0x0000000000000001, RCX=0x0000000000000008, RDX=0x0000000000000000
RSP=0x0000006be32ffc40, RBP=0x0000023411a825b0, RSI=0xff0d1117ff0d1117, RDI=0x0000000000000008
R8 =0x0000000000000002, R9 =0x0000000000000000, R10=0x0000000000000000, R11=0x000002341c9a05e0
R12=0x0000000000000000, R13=0x0000000000000000, R14=0x0000000000000000, R15=0x00000000000003d8
RIP=0x00007ffdba27a5bc, EFLAGS=0x0000000000010202

Top of Stack: (sp=0x0000006be32ffc40)
0x0000006be32ffc40:   000002341cd2b8f8 00000234182aa1b0
0x0000006be32ffc50:   00000000000003d8 0000023411a82988
0x0000006be32ffc60:   00007ffdba591a88 00007ffdba01f500
0x0000006be32ffc70:   00000000000003d8 0000000000000000
0x0000006be32ffc80:   0000000000000000 0000000000000008
0x0000006be32ffc90:   0000023411a825b0 00007ffdba01cdf5
0x0000006be32ffca0:   00000000000003d8 0000000000000001
0x0000006be32ffcb0:   0000000100092c40 0000023411a82988
0x0000006be32ffcc0:   0000023411a825a0 00007ffdb9fa5163
0x0000006be32ffcd0:   0000006be14fe570 0000023414ae24b0
0x0000006be32ffce0:   0000006be14fe570 0000023407af3910
0x0000006be32ffcf0:   00000000000075a3 0000000000000000
0x0000006be32ffd00:   0000023413a89800 00007ffdba4781a0
0x0000006be32ffd10:   0000006be32ffe40 0000023413a89800
0x0000006be32ffd20:   0000000000000000 00000000000075a3
0x0000006be32ffd30:   0000006be14fe4a0 0000000000000003 

Instructions: (pc=0x00007ffdba27a5bc)
0x00007ffdba27a4bc:   3b d0 72 f0 eb 2e 85 ed 74 2a 48 8b cb e8 d2 1d
0x00007ffdba27a4cc:   00 00 48 8b cb 48 3b d8 73 1a 48 f7 de 0f 1f 80
0x00007ffdba27a4dc:   00 00 00 00 48 8b 11 48 89 14 f1 48 83 c1 08 48
0x00007ffdba27a4ec:   3b c8 72 f0 0f b6 03 3c 01 76 2c 3c 0d 75 07 b8
0x00007ffdba27a4fc:   10 00 00 00 eb 26 44 0f b6 c8 4c 8d 05 03 72 31
0x00007ffdba27a50c:   00 ba 2d 05 00 00 48 8d 0d 0f 72 31 00 e8 52 14
0x00007ffdba27a51c:   c9 ff e8 cd fa 03 00 b8 08 00 00 00 48 03 d8 49
0x00007ffdba27a52c:   3b de 0f 82 9c fe ff ff eb 27 85 ed 74 23 48 8d
0x00007ffdba27a53c:   0c f5 00 00 00 00 48 8b fb 48 2b f9 48 c1 e9 03
0x00007ffdba27a54c:   48 3b fb 49 0f 47 cc 48 85 c9 74 05 33 c0 f3 48
0x00007ffdba27a55c:   ab 48 8b 7c 24 60 48 8b 74 24 58 4c 8b 6c 24 68
0x00007ffdba27a56c:   48 83 c4 20 41 5f 41 5e 41 5c 5d 5b c3 cc cc cc
0x00007ffdba27a57c:   cc cc cc cc 40 55 57 41 54 41 55 41 57 48 83 ec
0x00007ffdba27a58c:   30 44 8b 05 48 70 50 00 65 48 8b 04 25 58 00 00
0x00007ffdba27a59c:   00 48 89 5c 24 68 48 89 74 24 70 48 8b f1 b9 08
0x00007ffdba27a5ac:   00 00 00 4a 8b 04 c0 4c 89 74 24 78 44 0f b6 f2
0x00007ffdba27a5bc:   83 be 30 01 00 00 00 4c 8b 04 08 49 8b a8 78 02
0x00007ffdba27a5cc:   00 00 48 8b 7d 28 4c 8b 7d 10 4c 8b 65 18 4c 8b
0x00007ffdba27a5dc:   6d 20 48 89 7c 24 60 7e 68 48 8d 8e 38 01 00 00
0x00007ffdba27a5ec:   e8 cf 0c 00 00 48 8b f8 48 85 c0 74 4f 0f 1f 80
0x00007ffdba27a5fc:   00 00 00 00 48 8b 07 41 0f b6 d6 48 8b cf ff 90
0x00007ffdba27a60c:   80 00 00 00 48 8b 07 48 8b cf 48 8b 5f 08 ff 10
0x00007ffdba27a61c:   8d 04 c5 d0 fe ff ff 2b c6 03 c3 3b 86 30 01 00
0x00007ffdba27a62c:   00 7d 19 48 98 48 8d 8e 38 01 00 00 48 03 c8 e8
0x00007ffdba27a63c:   80 0c 00 00 48 8b f8 48 85 c0 75 b8 48 8b 7c 24
0x00007ffdba27a64c:   60 48 63 86 34 01 00 00 83 f8 fe 74 35 48 8d 8e
0x00007ffdba27a65c:   38 01 00 00 48 03 c8 e8 58 0c 00 00 48 8b c8 48
0x00007ffdba27a66c:   8b d8 48 8b 10 ff 52 68 33 c9 84 c0 48 0f 45 cb
0x00007ffdba27a67c:   48 85 c9 74 0d 48 8b 01 41 0f b6 d6 ff 90 80 00
0x00007ffdba27a68c:   00 00 48 8d 05 f3 73 31 00 44 88 74 24 28 48 8d
0x00007ffdba27a69c:   54 24 20 48 89 44 24 20 48 8b ce e8 d4 fc ff ff
0x00007ffdba27a6ac:   49 83 3f 00 4c 8b 74 24 78 48 8b 74 24 70 48 8b 


Stack slot to memory mapping:
stack at sp + 0 slots: 0x000002341cd2b8f8 is pointing into metadata
stack at sp + 1 slots: 0x00000234182aa1b0 is pointing into metadata
stack at sp + 2 slots: 0x00000000000003d8 is an unknown value
stack at sp + 3 slots: 0x0000023411a82988 points into unknown readable memory: 0x80000300b6a2e50f | 0f e5 a2 b6 00 03 00 80
stack at sp + 4 slots: 0x00007ffdba591a88 jvm.dll
stack at sp + 5 slots: 0x00007ffdba01f500 jvm.dll
stack at sp + 6 slots: 0x00000000000003d8 is an unknown value
stack at sp + 7 slots: 0x0 is NULL


---------------  P R O C E S S  ---------------

Threads class SMR info:
_java_thread_list=0x0000023419455fb0, length=112, elements={
0x00000234758b1000, 0x00000234111e1800, 0x00000234111ec000, 0x00000234111fa000,
0x00000234111fd000, 0x00000234111fe000, 0x0000023411a48800, 0x0000023411a49000,
0x0000023411a67000, 0x0000023411c13000, 0x000002341288c800, 0x0000023411cc3000,
0x0000023411d08000, 0x000002341460f800, 0x0000023414610800, 0x000002341460e000,
0x0000023414611000, 0x0000023414612000, 0x00000234150b3800, 0x00000234150b4800,
0x00000234150b1000, 0x00000234150b3000, 0x00000234150b6000, 0x00000234150ba000,
0x00000234150bc000, 0x00000234150b8800, 0x00000234150bb000, 0x00000234150bc800,
0x0000023412f88800, 0x00000234130af800, 0x00000234199b1800, 0x00000234199b0000,
0x00000234199b0800, 0x00000234199b4000, 0x00000234199b2800, 0x00000234199b3000,
0x00000234199b5000, 0x00000234199af000, 0x00000234199b7000, 0x00000234199b9800,
0x00000234199ba800, 0x00000234199b9000, 0x00000234199b5800, 0x00000234199b8000,
0x00000234199bb800, 0x00000234199bc000, 0x00000234199bd000, 0x00000234199be000,
0x0000023419481000, 0x0000023419485800, 0x0000023419486000, 0x0000023419484800,
0x0000023419482000, 0x0000023419480800, 0x0000023419487000, 0x0000023419488800,
0x0000023419483800, 0x0000023419487800, 0x0000023419483000, 0x000002341948f000,
0x000002341948e800, 0x000002341948a000, 0x000002341948c800, 0x0000023419489800,
0x000002341948b000, 0x000002341948d800, 0x0000023412f81000, 0x0000023412f85000,
0x0000023412f7f800, 0x0000023412f83800, 0x0000023412f80000, 0x0000023412f84800,
0x0000023412f82800, 0x0000023412f86800, 0x0000023412f8b000, 0x0000023412f89000,
0x0000023412f86000, 0x0000023412f8a000, 0x0000023412f8b800, 0x0000023412f8d800,
0x0000023412f8c800, 0x0000023412f87800, 0x0000023412f8e000, 0x00000234130af000,
0x00000234130b0800, 0x00000234130ab800, 0x00000234130b1000, 0x00000234130b2000,
0x00000234130ac800, 0x00000234130ad000, 0x00000234130ae000, 0x00000234150af000,
0x00000234150b7000, 0x00000234150bd800, 0x00000234150b7800, 0x00000234150b9800,
0x0000023414613000, 0x000002341460d000, 0x000002341460e800, 0x00000234153e3000,
0x00000234153e4800, 0x00000234153e8800, 0x00000234153e9800, 0x00000234153e3800,
0x00000234153ea000, 0x00000234153e6000, 0x00000234153e7000, 0x00000234153e8000,
0x00000234153eb000, 0x00000234153e5800, 0x00000234153ec800, 0x00000234153ee800
}

Java Threads: ( => current thread )
  0x00000234758b1000 JavaThread "main" [_thread_blocked, id=6676, stack(0x0000006be0e00000,0x0000006be0f00000)]
  0x00000234111e1800 JavaThread "Reference Handler" daemon [_thread_blocked, id=8876, stack(0x0000006be1500000,0x0000006be1600000)]
  0x00000234111ec000 JavaThread "Finalizer" daemon [_thread_blocked, id=17676, stack(0x0000006be1600000,0x0000006be1700000)]
  0x00000234111fa000 JavaThread "Signal Dispatcher" daemon [_thread_blocked, id=20036, stack(0x0000006be1700000,0x0000006be1800000)]
  0x00000234111fd000 JavaThread "Attach Listener" daemon [_thread_blocked, id=12560, stack(0x0000006be1800000,0x0000006be1900000)]
  0x00000234111fe000 JavaThread "Service Thread" daemon [_thread_blocked, id=20576, stack(0x0000006be1900000,0x0000006be1a00000)]
  0x0000023411a48800 JavaThread "C2 CompilerThread0" daemon [_thread_blocked, id=18964, stack(0x0000006be1a00000,0x0000006be1b00000)]
  0x0000023411a49000 JavaThread "C1 CompilerThread0" daemon [_thread_blocked, id=22836, stack(0x0000006be1b00000,0x0000006be1c00000)]
  0x0000023411a67000 JavaThread "Sweeper thread" daemon [_thread_blocked, id=19512, stack(0x0000006be1c00000,0x0000006be1d00000)]
  0x0000023411c13000 JavaThread "Common-Cleaner" daemon [_thread_blocked, id=7608, stack(0x0000006be1d00000,0x0000006be1e00000)]
  0x000002341288c800 JavaThread "Daemon health stats" [_thread_blocked, id=13100, stack(0x0000006be2600000,0x0000006be2700000)]
  0x0000023411cc3000 JavaThread "Incoming local TCP Connector on port 62425" [_thread_in_native, id=21736, stack(0x0000006be1f00000,0x0000006be2000000)]
  0x0000023411d08000 JavaThread "Daemon periodic checks" [_thread_blocked, id=3436, stack(0x0000006be2500000,0x0000006be2600000)]
  0x000002341460f800 JavaThread "Cache worker for journal cache (C:\Users\Jhon\.gradle\caches\journal-1)" [_thread_blocked, id=5580, stack(0x0000006be2e00000,0x0000006be2f00000)]
  0x0000023414610800 JavaThread "File lock request listener" [_thread_in_native, id=17928, stack(0x0000006be2f00000,0x0000006be3000000)]
  0x000002341460e000 JavaThread "Cache worker for file hash cache (C:\Users\Jhon\.gradle\caches\7.1.1\fileHashes)" [_thread_blocked, id=13964, stack(0x0000006be3000000,0x0000006be3100000)]
  0x0000023414611000 JavaThread "File watcher server" daemon [_thread_blocked, id=9556, stack(0x0000006be3700000,0x0000006be3800000)]
  0x0000023414612000 JavaThread "File watcher consumer" daemon [_thread_blocked, id=21560, stack(0x0000006be3800000,0x0000006be3900000)]
  0x00000234150b3800 JavaThread "Cache worker for execution history cache (C:\Users\Jhon\.gradle\caches\7.1.1\executionHistory)" [_thread_blocked, id=12728, stack(0x0000006be3c00000,0x0000006be3d00000)]
  0x00000234150b4800 JavaThread "jar transforms" [_thread_blocked, id=21656, stack(0x0000006be3d00000,0x0000006be3e00000)]
  0x00000234150b1000 JavaThread "jar transforms Thread 2" [_thread_blocked, id=19696, stack(0x0000006be3e00000,0x0000006be3f00000)]
  0x00000234150b3000 JavaThread "Cache worker for file content cache (C:\Users\Jhon\.gradle\caches\7.1.1\fileContent)" [_thread_blocked, id=1620, stack(0x0000006be3f00000,0x0000006be4000000)]
  0x00000234150b6000 JavaThread "jar transforms Thread 3" [_thread_blocked, id=19356, stack(0x0000006be4000000,0x0000006be4100000)]
  0x00000234150ba000 JavaThread "jar transforms Thread 4" [_thread_blocked, id=19704, stack(0x0000006be4100000,0x0000006be4200000)]
  0x00000234150bc000 JavaThread "jar transforms Thread 5" [_thread_blocked, id=13372, stack(0x0000006be4200000,0x0000006be4300000)]
  0x00000234150b8800 JavaThread "jar transforms Thread 6" [_thread_blocked, id=9880, stack(0x0000006be4300000,0x0000006be4400000)]
  0x00000234150bb000 JavaThread "jar transforms Thread 7" [_thread_blocked, id=18164, stack(0x0000006be4400000,0x0000006be4500000)]
  0x00000234150bc800 JavaThread "jar transforms Thread 8" [_thread_blocked, id=11400, stack(0x0000006be4500000,0x0000006be4600000)]
  0x0000023412f88800 JavaThread "Memory manager" [_thread_blocked, id=20744, stack(0x0000006be5c00000,0x0000006be5d00000)]
  0x00000234130af800 JavaThread "Cache worker for Java compile cache (C:\Users\Jhon\.gradle\caches\7.1.1\javaCompile)" [_thread_blocked, id=576, stack(0x0000006be9e00000,0x0000006be9f00000)]
  0x00000234199b1800 JavaThread "Daemon Thread 5" [_thread_blocked, id=17056, stack(0x0000006be0c00000,0x0000006be0d00000)]
  0x00000234199b0000 JavaThread "Handler for socket connection from /127.0.0.1:62425 to /127.0.0.1:64200" [_thread_in_native, id=19480, stack(0x0000006be0d00000,0x0000006be0e00000)]
  0x00000234199b0800 JavaThread "Cancel handler" [_thread_blocked, id=20380, stack(0x0000006be2700000,0x0000006be2800000)]
  0x00000234199b4000 JavaThread "Daemon worker Thread 5" [_thread_blocked, id=12732, stack(0x0000006be2800000,0x0000006be2900000)]
  0x00000234199b2800 JavaThread "Asynchronous log dispatcher for DefaultDaemonConnection: socket connection from /127.0.0.1:62425 to /127.0.0.1:64200" [_thread_blocked, id=12684, stack(0x0000006be2900000,0x0000006be2a00000)]
  0x00000234199b3000 JavaThread "Stdin handler" [_thread_blocked, id=19064, stack(0x0000006be2a00000,0x0000006be2b00000)]
  0x00000234199b5000 JavaThread "Daemon client event forwarder" [_thread_blocked, id=3128, stack(0x0000006be2b00000,0x0000006be2c00000)]
  0x00000234199af000 JavaThread "Cache worker for file hash cache (C:\Users\Jhon\Downloads\cities-api\.gradle\7.1.1\fileHashes)" [_thread_blocked, id=19468, stack(0x0000006be2c00000,0x0000006be2d00000)]
  0x00000234199b7000 JavaThread "Cache worker for checksums cache (C:\Users\Jhon\Downloads\cities-api\.gradle\checksums)" [_thread_blocked, id=21228, stack(0x0000006be2d00000,0x0000006be2e00000)]
  0x00000234199b9800 JavaThread "Cache worker for cache directory md-supplier (C:\Users\Jhon\.gradle\caches\7.1.1\md-supplier)" [_thread_blocked, id=22736, stack(0x0000006be3400000,0x0000006be3500000)]
  0x00000234199ba800 JavaThread "Cache worker for cache directory md-rule (C:\Users\Jhon\.gradle\caches\7.1.1\md-rule)" [_thread_blocked, id=7972, stack(0x0000006be3500000,0x0000006be3600000)]
  0x00000234199b9000 JavaThread "Cache worker for dependencies-accessors (C:\Users\Jhon\Downloads\cities-api\.gradle\7.1.1\dependencies-accessors)" [_thread_blocked, id=5772, stack(0x0000006be3600000,0x0000006be3700000)]
  0x00000234199b5800 JavaThread "Cache worker for Build Output Cleanup Cache (C:\Users\Jhon\Downloads\cities-api\.gradle\buildOutputCleanup)" [_thread_blocked, id=13796, stack(0x0000006be3900000,0x0000006be3a00000)]
  0x00000234199b8000 JavaThread "Unconstrained build operations" [_thread_blocked, id=17908, stack(0x0000006be3a00000,0x0000006be3b00000)]
  0x00000234199bb800 JavaThread "Unconstrained build operations Thread 2" [_thread_blocked, id=16728, stack(0x0000006be3b00000,0x0000006be3c00000)]
  0x00000234199bc000 JavaThread "Unconstrained build operations Thread 3" [_thread_blocked, id=20668, stack(0x0000006be4600000,0x0000006be4700000)]
  0x00000234199bd000 JavaThread "Unconstrained build operations Thread 4" [_thread_blocked, id=14700, stack(0x0000006be4700000,0x0000006be4800000)]
  0x00000234199be000 JavaThread "Unconstrained build operations Thread 5" [_thread_blocked, id=21004, stack(0x0000006be4800000,0x0000006be4900000)]
  0x0000023419481000 JavaThread "Unconstrained build operations Thread 6" [_thread_blocked, id=14908, stack(0x0000006be4900000,0x0000006be4a00000)]
  0x0000023419485800 JavaThread "Unconstrained build operations Thread 7" [_thread_blocked, id=10280, stack(0x0000006be4a00000,0x0000006be4b00000)]
  0x0000023419486000 JavaThread "Unconstrained build operations Thread 8" [_thread_blocked, id=22588, stack(0x0000006be4b00000,0x0000006be4c00000)]
  0x0000023419484800 JavaThread "Unconstrained build operations Thread 9" [_thread_blocked, id=21164, stack(0x0000006be4c00000,0x0000006be4d00000)]
  0x0000023419482000 JavaThread "Unconstrained build operations Thread 10" [_thread_blocked, id=21836, stack(0x0000006be4d00000,0x0000006be4e00000)]
  0x0000023419480800 JavaThread "Unconstrained build operations Thread 11" [_thread_blocked, id=22632, stack(0x0000006be4e00000,0x0000006be4f00000)]
  0x0000023419487000 JavaThread "Unconstrained build operations Thread 12" [_thread_blocked, id=4264, stack(0x0000006be4f00000,0x0000006be5000000)]
  0x0000023419488800 JavaThread "Unconstrained build operations Thread 13" [_thread_blocked, id=23380, stack(0x0000006be5000000,0x0000006be5100000)]
  0x0000023419483800 JavaThread "Unconstrained build operations Thread 14" [_thread_blocked, id=7640, stack(0x0000006be5100000,0x0000006be5200000)]
  0x0000023419487800 JavaThread "Unconstrained build operations Thread 15" [_thread_blocked, id=23080, stack(0x0000006be5200000,0x0000006be5300000)]
  0x0000023419483000 JavaThread "Unconstrained build operations Thread 16" [_thread_blocked, id=16248, stack(0x0000006be5300000,0x0000006be5400000)]
  0x000002341948f000 JavaThread "Unconstrained build operations Thread 17" [_thread_blocked, id=15020, stack(0x0000006be5400000,0x0000006be5500000)]
  0x000002341948e800 JavaThread "Unconstrained build operations Thread 18" [_thread_blocked, id=22728, stack(0x0000006be5500000,0x0000006be5600000)]
  0x000002341948a000 JavaThread "Unconstrained build operations Thread 19" [_thread_blocked, id=18700, stack(0x0000006be5600000,0x0000006be5700000)]
  0x000002341948c800 JavaThread "Unconstrained build operations Thread 20" [_thread_blocked, id=23240, stack(0x0000006be5700000,0x0000006be5800000)]
  0x0000023419489800 JavaThread "C2 CompilerThread1" daemon [_thread_blocked, id=3264, stack(0x0000006be5800000,0x0000006be5900000)]
  0x000002341948b000 JavaThread "Execution worker for ':'" [_thread_blocked, id=22768, stack(0x0000006be5900000,0x0000006be5a00000)]
  0x000002341948d800 JavaThread "Execution worker for ':' Thread 2" [_thread_blocked, id=20616, stack(0x0000006be5a00000,0x0000006be5b00000)]
  0x0000023412f81000 JavaThread "Execution worker for ':' Thread 3" [_thread_blocked, id=5864, stack(0x0000006be5b00000,0x0000006be5c00000)]
  0x0000023412f85000 JavaThread "Execution worker for ':' Thread 4" [_thread_blocked, id=19528, stack(0x0000006be5d00000,0x0000006be5e00000)]
  0x0000023412f7f800 JavaThread "Execution worker for ':' Thread 5" [_thread_blocked, id=13860, stack(0x0000006be5e00000,0x0000006be5f00000)]
  0x0000023412f83800 JavaThread "Execution worker for ':' Thread 6" [_thread_blocked, id=17568, stack(0x0000006be5f00000,0x0000006be6000000)]
  0x0000023412f80000 JavaThread "Execution worker for ':' Thread 7" [_thread_blocked, id=23028, stack(0x0000006be6000000,0x0000006be6100000)]
  0x0000023412f84800 JavaThread "C2 CompilerThread2" daemon [_thread_blocked, id=8472, stack(0x0000006be6100000,0x0000006be6200000)]
  0x0000023412f82800 JavaThread "Cache worker for execution history cache (C:\Users\Jhon\Downloads\cities-api\.gradle\7.1.1\executionHistory)" [_thread_blocked, id=564, stack(0x0000006be6200000,0x0000006be6300000)]
  0x0000023412f86800 JavaThread "Unconstrained build operations Thread 21" [_thread_blocked, id=20144, stack(0x0000006be6300000,0x0000006be6400000)]
  0x0000023412f8b000 JavaThread "Unconstrained build operations Thread 22" [_thread_blocked, id=14976, stack(0x0000006be6400000,0x0000006be6500000)]
  0x0000023412f89000 JavaThread "Unconstrained build operations Thread 23" [_thread_blocked, id=6968, stack(0x0000006be6500000,0x0000006be6600000)]
  0x0000023412f86000 JavaThread "Unconstrained build operations Thread 24" [_thread_blocked, id=13620, stack(0x0000006be6600000,0x0000006be6700000)]
  0x0000023412f8a000 JavaThread "Unconstrained build operations Thread 25" [_thread_blocked, id=12340, stack(0x0000006be6700000,0x0000006be6800000)]
  0x0000023412f8b800 JavaThread "Unconstrained build operations Thread 26" [_thread_blocked, id=15184, stack(0x0000006be6800000,0x0000006be6900000)]
  0x0000023412f8d800 JavaThread "Unconstrained build operations Thread 27" [_thread_blocked, id=19748, stack(0x0000006be6900000,0x0000006be6a00000)]
  0x0000023412f8c800 JavaThread "Unconstrained build operations Thread 28" [_thread_blocked, id=7572, stack(0x0000006be6a00000,0x0000006be6b00000)]
  0x0000023412f87800 JavaThread "Unconstrained build operations Thread 29" [_thread_blocked, id=4228, stack(0x0000006be6b00000,0x0000006be6c00000)]
  0x0000023412f8e000 JavaThread "Unconstrained build operations Thread 30" [_thread_blocked, id=18332, stack(0x0000006be6c00000,0x0000006be6d00000)]
  0x00000234130af000 JavaThread "Unconstrained build operations Thread 31" [_thread_blocked, id=14316, stack(0x0000006be6d00000,0x0000006be6e00000)]
  0x00000234130b0800 JavaThread "Unconstrained build operations Thread 32" [_thread_blocked, id=18608, stack(0x0000006be6e00000,0x0000006be6f00000)]
  0x00000234130ab800 JavaThread "Unconstrained build operations Thread 33" [_thread_blocked, id=19360, stack(0x0000006be6f00000,0x0000006be7000000)]
  0x00000234130b1000 JavaThread "Unconstrained build operations Thread 34" [_thread_blocked, id=16640, stack(0x0000006be7000000,0x0000006be7100000)]
  0x00000234130b2000 JavaThread "Unconstrained build operations Thread 35" [_thread_blocked, id=18696, stack(0x0000006be7100000,0x0000006be7200000)]
  0x00000234130ac800 JavaThread "Unconstrained build operations Thread 36" [_thread_blocked, id=22368, stack(0x0000006be7200000,0x0000006be7300000)]
  0x00000234130ad000 JavaThread "Unconstrained build operations Thread 37" [_thread_blocked, id=22700, stack(0x0000006be7300000,0x0000006be7400000)]
  0x00000234130ae000 JavaThread "Unconstrained build operations Thread 38" [_thread_blocked, id=23180, stack(0x0000006be7400000,0x0000006be7500000)]
  0x00000234150af000 JavaThread "Unconstrained build operations Thread 39" [_thread_blocked, id=2132, stack(0x0000006be7500000,0x0000006be7600000)]
  0x00000234150b7000 JavaThread "Unconstrained build operations Thread 40" [_thread_blocked, id=5776, stack(0x0000006be7600000,0x0000006be7700000)]
  0x00000234150bd800 JavaThread "Unconstrained build operations Thread 41" [_thread_blocked, id=22984, stack(0x0000006be7700000,0x0000006be7800000)]
  0x00000234150b7800 JavaThread "Unconstrained build operations Thread 42" [_thread_blocked, id=4160, stack(0x0000006be7800000,0x0000006be7900000)]
  0x00000234150b9800 JavaThread "Unconstrained build operations Thread 43" [_thread_blocked, id=22232, stack(0x0000006be7900000,0x0000006be7a00000)]
  0x0000023414613000 JavaThread "Unconstrained build operations Thread 44" [_thread_blocked, id=11056, stack(0x0000006be7a00000,0x0000006be7b00000)]
  0x000002341460d000 JavaThread "Unconstrained build operations Thread 45" [_thread_blocked, id=21660, stack(0x0000006be7b00000,0x0000006be7c00000)]
  0x000002341460e800 JavaThread "Unconstrained build operations Thread 46" [_thread_blocked, id=20084, stack(0x0000006be7c00000,0x0000006be7d00000)]
  0x00000234153e3000 JavaThread "Unconstrained build operations Thread 47" [_thread_blocked, id=18412, stack(0x0000006be7d00000,0x0000006be7e00000)]
  0x00000234153e4800 JavaThread "Unconstrained build operations Thread 48" [_thread_blocked, id=22724, stack(0x0000006be7e00000,0x0000006be7f00000)]
  0x00000234153e8800 JavaThread "Unconstrained build operations Thread 49" [_thread_blocked, id=3676, stack(0x0000006be7f00000,0x0000006be8000000)]
  0x00000234153e9800 JavaThread "Unconstrained build operations Thread 50" [_thread_blocked, id=7688, stack(0x0000006be8000000,0x0000006be8100000)]
  0x00000234153e3800 JavaThread "Unconstrained build operations Thread 51" [_thread_blocked, id=15236, stack(0x0000006be8100000,0x0000006be8200000)]
  0x00000234153ea000 JavaThread "Unconstrained build operations Thread 52" [_thread_blocked, id=16048, stack(0x0000006be8200000,0x0000006be8300000)]
  0x00000234153e6000 JavaThread "Unconstrained build operations Thread 53" [_thread_blocked, id=16408, stack(0x0000006be8300000,0x0000006be8400000)]
  0x00000234153e7000 JavaThread "Unconstrained build operations Thread 54" [_thread_blocked, id=18384, stack(0x0000006be8400000,0x0000006be8500000)]
  0x00000234153e8000 JavaThread "Unconstrained build operations Thread 55" [_thread_blocked, id=11644, stack(0x0000006be8500000,0x0000006be8600000)]
  0x00000234153eb000 JavaThread "Unconstrained build operations Thread 56" [_thread_blocked, id=21024, stack(0x0000006be8600000,0x0000006be8700000)]
  0x00000234153e5800 JavaThread "Unconstrained build operations Thread 57" [_thread_blocked, id=20008, stack(0x0000006be8700000,0x0000006be8800000)]
  0x00000234153ec800 JavaThread "Unconstrained build operations Thread 58" [_thread_blocked, id=18560, stack(0x0000006be8800000,0x0000006be8900000)]
  0x00000234153ee800 JavaThread "Unconstrained build operations Thread 59" [_thread_blocked, id=20632, stack(0x0000006be8900000,0x0000006be8a00000)]

Other Threads:
  0x00000234111bb800 VMThread "VM Thread" [stack: 0x0000006be1400000,0x0000006be1500000] [id=17316]
  0x0000023411c18000 WatcherThread [stack: 0x0000006be1e00000,0x0000006be1f00000] [id=14900]
  0x00000234758cb000 GCTaskThread "GC Thread#0" [stack: 0x0000006be0f00000,0x0000006be1000000] [id=19744]
  0x0000023412642800 GCTaskThread "GC Thread#1" [stack: 0x0000006be2000000,0x0000006be2100000] [id=19772]
  0x000002341266a800 GCTaskThread "GC Thread#2" [stack: 0x0000006be2100000,0x0000006be2200000] [id=20124]
  0x00000234125f8000 GCTaskThread "GC Thread#3" [stack: 0x0000006be2200000,0x0000006be2300000] [id=3336]
  0x000002341261a800 GCTaskThread "GC Thread#4" [stack: 0x0000006be2300000,0x0000006be2400000] [id=16492]
  0x0000023412805000 GCTaskThread "GC Thread#5" [stack: 0x0000006be2400000,0x0000006be2500000] [id=21932]
  0x0000023414c93800 GCTaskThread "GC Thread#6" [stack: 0x0000006be3100000,0x0000006be3200000] [id=21280]
=>0x0000023413a89800 GCTaskThread "GC Thread#7" [stack: 0x0000006be3200000,0x0000006be3300000] [id=10124]
  0x00000234758df800 ConcurrentGCThread "G1 Main Marker" [stack: 0x0000006be1000000,0x0000006be1100000] [id=19148]
  0x00000234758e0800 ConcurrentGCThread "G1 Conc#0" [stack: 0x0000006be1100000,0x0000006be1200000] [id=18504]
  0x0000023412bf3800 ConcurrentGCThread "G1 Conc#1" [stack: 0x0000006be3300000,0x0000006be3400000] [id=20956]
  0x000002341104e800 ConcurrentGCThread "G1 Refine#0" [stack: 0x0000006be1200000,0x0000006be1300000] [id=4108]
  0x00000234191d5800 ConcurrentGCThread "G1 Refine#1" [stack: 0x0000006be0b00000,0x0000006be0c00000] [id=14476]
  0x000002341104f000 ConcurrentGCThread "G1 Young RemSet Sampling" [stack: 0x0000006be1300000,0x0000006be1400000] [id=3016]

Threads with active compile tasks:
C2 CompilerThread063197539 18420       4       org.gradle.api.internal.artifacts.configurations.DefaultConfiguration_Decorated::getProperty (11 bytes)
C2 CompilerThread163197539 18359       4       org.gradle.internal.operations.DefaultBuildOperationRunner::execute (140 bytes)
C2 CompilerThread263197539 18412   !   4       org.gradle.api.internal.DynamicPropertyNamer::determineName (107 bytes)

VM state:at safepoint (normal execution)

VM Mutex/Monitor currently owned by a thread:  ([mutex/lock_event])
[0x00000234758aeef0] Threads_lock - owner thread: 0x00000234111bb800
[0x00000234758aee60] Heap_lock - owner thread: 0x00000234758df800

Heap address: 0x00000000e0000000, size: 512 MB, Compressed Oops mode: 32-bit
Narrow klass base: 0x0000000000000000, Narrow klass shift: 3
Compressed class space size: 260046848 Address: 0x0000000100000000

Heap:
 garbage-first heap   total 262144K, used 149154K [0x00000000e0000000, 0x0000000100000000)
  region size 1024K, 25 young (25600K), 9 survivors (9216K)
 Metaspace       used 98562K, capacity 101797K, committed 102220K, reserved 344064K
  class space    used 12243K, capacity 13311K, committed 13440K, reserved 253952K
Heap Regions: E=young(eden), S=young(survivor), O=old, HS=humongous(starts), HC=humongous(continues), CS=collection set, F=free, A=archive, TAMS=top-at-mark-start (previous, next)
|   0|0x00000000e0000000, 0x00000000e0100000, 0x00000000e0100000|100%| O|  |TAMS 0x00000000e0100000, 0x00000000e0100000| Untracked 
|   1|0x00000000e0100000, 0x00000000e0200000, 0x00000000e0200000|100%| O|  |TAMS 0x00000000e0200000, 0x00000000e0200000| Untracked 
|   2|0x00000000e0200000, 0x00000000e0300000, 0x00000000e0300000|100%| O|  |TAMS 0x00000000e0300000, 0x00000000e0300000| Untracked 
|   3|0x00000000e0300000, 0x00000000e0400000, 0x00000000e0400000|100%|HS|  |TAMS 0x00000000e0400000, 0x00000000e0400000| Complete 
|   4|0x00000000e0400000, 0x00000000e0500000, 0x00000000e0500000|100%|HC|  |TAMS 0x00000000e0500000, 0x00000000e0500000| Complete 
|   5|0x00000000e0500000, 0x00000000e0600000, 0x00000000e0600000|100%|HC|  |TAMS 0x00000000e0600000, 0x00000000e0600000| Complete 
|   6|0x00000000e0600000, 0x00000000e0700000, 0x00000000e0700000|100%| O|  |TAMS 0x00000000e0700000, 0x00000000e0700000| Untracked 
|   7|0x00000000e0700000, 0x00000000e0800000, 0x00000000e0800000|100%| O|  |TAMS 0x00000000e0800000, 0x00000000e0800000| Untracked 
|   8|0x00000000e0800000, 0x00000000e0900000, 0x00000000e0900000|100%| O|  |TAMS 0x00000000e0900000, 0x00000000e0900000| Untracked 
|   9|0x00000000e0900000, 0x00000000e0a00000, 0x00000000e0a00000|100%| O|  |TAMS 0x00000000e0a00000, 0x00000000e0a00000| Untracked 
|  10|0x00000000e0a00000, 0x00000000e0b00000, 0x00000000e0b00000|100%| O|  |TAMS 0x00000000e0b00000, 0x00000000e0b00000| Untracked 
|  11|0x00000000e0b00000, 0x00000000e0c00000, 0x00000000e0c00000|100%| O|  |TAMS 0x00000000e0c00000, 0x00000000e0c00000| Untracked 
|  12|0x00000000e0c00000, 0x00000000e0d00000, 0x00000000e0d00000|100%| O|  |TAMS 0x00000000e0d00000, 0x00000000e0d00000| Untracked 
|  13|0x00000000e0d00000, 0x00000000e0e00000, 0x00000000e0e00000|100%| O|  |TAMS 0x00000000e0e00000, 0x00000000e0e00000| Untracked 
|  14|0x00000000e0e00000, 0x00000000e0f00000, 0x00000000e0f00000|100%| O|  |TAMS 0x00000000e0f00000, 0x00000000e0f00000| Untracked 
|  15|0x00000000e0f00000, 0x00000000e1000000, 0x00000000e1000000|100%| O|  |TAMS 0x00000000e1000000, 0x00000000e1000000| Untracked 
|  16|0x00000000e1000000, 0x00000000e1100000, 0x00000000e1100000|100%| O|  |TAMS 0x00000000e1100000, 0x00000000e1100000| Untracked 
|  17|0x00000000e1100000, 0x00000000e1200000, 0x00000000e1200000|100%| O|  |TAMS 0x00000000e1200000, 0x00000000e1200000| Untracked 
|  18|0x00000000e1200000, 0x00000000e1300000, 0x00000000e1300000|100%| O|  |TAMS 0x00000000e1300000, 0x00000000e1300000| Untracked 
|  19|0x00000000e1300000, 0x00000000e1400000, 0x00000000e1400000|100%| O|  |TAMS 0x00000000e1400000, 0x00000000e1400000| Untracked 
|  20|0x00000000e1400000, 0x00000000e1500000, 0x00000000e1500000|100%| O|  |TAMS 0x00000000e1500000, 0x00000000e1500000| Untracked 
|  21|0x00000000e1500000, 0x00000000e1600000, 0x00000000e1600000|100%| O|  |TAMS 0x00000000e1600000, 0x00000000e1600000| Untracked 
|  22|0x00000000e1600000, 0x00000000e1700000, 0x00000000e1700000|100%| O|  |TAMS 0x00000000e1700000, 0x00000000e1700000| Untracked 
|  23|0x00000000e1700000, 0x00000000e1800000, 0x00000000e1800000|100%| O|  |TAMS 0x00000000e1800000, 0x00000000e1800000| Untracked 
|  24|0x00000000e1800000, 0x00000000e1900000, 0x00000000e1900000|100%| O|  |TAMS 0x00000000e1900000, 0x00000000e1900000| Untracked 
|  25|0x00000000e1900000, 0x00000000e1a00000, 0x00000000e1a00000|100%| O|  |TAMS 0x00000000e1a00000, 0x00000000e1a00000| Untracked 
|  26|0x00000000e1a00000, 0x00000000e1b00000, 0x00000000e1b00000|100%| O|  |TAMS 0x00000000e1b00000, 0x00000000e1b00000| Untracked 
|  27|0x00000000e1b00000, 0x00000000e1c00000, 0x00000000e1c00000|100%| O|  |TAMS 0x00000000e1c00000, 0x00000000e1c00000| Untracked 
|  28|0x00000000e1c00000, 0x00000000e1d00000, 0x00000000e1d00000|100%| O|  |TAMS 0x00000000e1d00000, 0x00000000e1d00000| Untracked 
|  29|0x00000000e1d00000, 0x00000000e1e00000, 0x00000000e1e00000|100%| O|  |TAMS 0x00000000e1e00000, 0x00000000e1e00000| Untracked 
|  30|0x00000000e1e00000, 0x00000000e1f00000, 0x00000000e1f00000|100%| O|  |TAMS 0x00000000e1f00000, 0x00000000e1f00000| Untracked 
|  31|0x00000000e1f00000, 0x00000000e2000000, 0x00000000e2000000|100%| O|  |TAMS 0x00000000e2000000, 0x00000000e2000000| Untracked 
|  32|0x00000000e2000000, 0x00000000e2100000, 0x00000000e2100000|100%| O|  |TAMS 0x00000000e2100000, 0x00000000e2100000| Untracked 
|  33|0x00000000e2100000, 0x00000000e2200000, 0x00000000e2200000|100%| O|  |TAMS 0x00000000e2200000, 0x00000000e2200000| Untracked 
|  34|0x00000000e2200000, 0x00000000e2300000, 0x00000000e2300000|100%| O|  |TAMS 0x00000000e2300000, 0x00000000e2300000| Untracked 
|  35|0x00000000e2300000, 0x00000000e2400000, 0x00000000e2400000|100%| O|  |TAMS 0x00000000e2300000, 0x00000000e2400000| Untracked 
|  36|0x00000000e2400000, 0x00000000e2500000, 0x00000000e2500000|100%| O|  |TAMS 0x00000000e2500000, 0x00000000e2500000| Untracked 
|  37|0x00000000e2500000, 0x00000000e2600000, 0x00000000e2600000|100%| O|  |TAMS 0x00000000e2500000, 0x00000000e2600000| Untracked 
|  38|0x00000000e2600000, 0x00000000e2700000, 0x00000000e2700000|100%| O|  |TAMS 0x00000000e2600000, 0x00000000e2700000| Untracked 
|  39|0x00000000e2700000, 0x00000000e2800000, 0x00000000e2800000|100%| O|  |TAMS 0x00000000e2800000, 0x00000000e2800000| Untracked 
|  40|0x00000000e2800000, 0x00000000e2900000, 0x00000000e2900000|100%| O|  |TAMS 0x00000000e2900000, 0x00000000e2900000| Untracked 
|  41|0x00000000e2900000, 0x00000000e2a00000, 0x00000000e2a00000|100%| O|  |TAMS 0x00000000e2a00000, 0x00000000e2a00000| Untracked 
|  42|0x00000000e2a00000, 0x00000000e2b00000, 0x00000000e2b00000|100%| O|  |TAMS 0x00000000e2b00000, 0x00000000e2b00000| Untracked 
|  43|0x00000000e2b00000, 0x00000000e2c00000, 0x00000000e2c00000|100%| O|  |TAMS 0x00000000e2c00000, 0x00000000e2c00000| Untracked 
|  44|0x00000000e2c00000, 0x00000000e2d00000, 0x00000000e2d00000|100%| O|  |TAMS 0x00000000e2d00000, 0x00000000e2d00000| Untracked 
|  45|0x00000000e2d00000, 0x00000000e2e00000, 0x00000000e2e00000|100%| O|  |TAMS 0x00000000e2e00000, 0x00000000e2e00000| Untracked 
|  46|0x00000000e2e00000, 0x00000000e2f00000, 0x00000000e2f00000|100%| O|  |TAMS 0x00000000e2f00000, 0x00000000e2f00000| Untracked 
|  47|0x00000000e2f00000, 0x00000000e3000000, 0x00000000e3000000|100%| O|  |TAMS 0x00000000e3000000, 0x00000000e3000000| Untracked 
|  48|0x00000000e3000000, 0x00000000e3100000, 0x00000000e3100000|100%| O|  |TAMS 0x00000000e3100000, 0x00000000e3100000| Untracked 
|  49|0x00000000e3100000, 0x00000000e3200000, 0x00000000e3200000|100%| O|  |TAMS 0x00000000e3200000, 0x00000000e3200000| Untracked 
|  50|0x00000000e3200000, 0x00000000e3300000, 0x00000000e3300000|100%| O|  |TAMS 0x00000000e3300000, 0x00000000e3300000| Untracked 
|  51|0x00000000e3300000, 0x00000000e3400000, 0x00000000e3400000|100%| O|  |TAMS 0x00000000e3400000, 0x00000000e3400000| Untracked 
|  52|0x00000000e3400000, 0x00000000e3500000, 0x00000000e3500000|100%| O|  |TAMS 0x00000000e3500000, 0x00000000e3500000| Untracked 
|  53|0x00000000e3500000, 0x00000000e3600000, 0x00000000e3600000|100%| O|  |TAMS 0x00000000e3600000, 0x00000000e3600000| Untracked 
|  54|0x00000000e3600000, 0x00000000e3700000, 0x00000000e3700000|100%| O|  |TAMS 0x00000000e3600000, 0x00000000e3700000| Untracked 
|  55|0x00000000e3700000, 0x00000000e3800000, 0x00000000e3800000|100%| O|  |TAMS 0x00000000e3700000, 0x00000000e3800000| Untracked 
|  56|0x00000000e3800000, 0x00000000e3900000, 0x00000000e3900000|100%| O|  |TAMS 0x00000000e3900000, 0x00000000e3900000| Untracked 
|  57|0x00000000e3900000, 0x00000000e3a00000, 0x00000000e3a00000|100%| O|  |TAMS 0x00000000e3900000, 0x00000000e3a00000| Untracked 
|  58|0x00000000e3a00000, 0x00000000e3b00000, 0x00000000e3b00000|100%| O|  |TAMS 0x00000000e3a1a600, 0x00000000e3b00000| Untracked 
|  59|0x00000000e3b00000, 0x00000000e3c00000, 0x00000000e3c00000|100%| O|  |TAMS 0x00000000e3b00000, 0x00000000e3c00000| Untracked 
|  60|0x00000000e3c00000, 0x00000000e3d00000, 0x00000000e3d00000|100%| O|  |TAMS 0x00000000e3d00000, 0x00000000e3d00000| Untracked 
|  61|0x00000000e3d00000, 0x00000000e3e00000, 0x00000000e3e00000|100%| O|  |TAMS 0x00000000e3e00000, 0x00000000e3e00000| Untracked 
|  62|0x00000000e3e00000, 0x00000000e3f00000, 0x00000000e3f00000|100%| O|  |TAMS 0x00000000e3e00000, 0x00000000e3f00000| Untracked 
|  63|0x00000000e3f00000, 0x00000000e4000000, 0x00000000e4000000|100%| O|  |TAMS 0x00000000e3f00000, 0x00000000e4000000| Untracked 
|  64|0x00000000e4000000, 0x00000000e4100000, 0x00000000e4100000|100%| O|  |TAMS 0x00000000e4000000, 0x00000000e4100000| Untracked 
|  65|0x00000000e4100000, 0x00000000e4200000, 0x00000000e4200000|100%| O|  |TAMS 0x00000000e4200000, 0x00000000e4200000| Untracked 
|  66|0x00000000e4200000, 0x00000000e4300000, 0x00000000e4300000|100%| O|  |TAMS 0x00000000e4300000, 0x00000000e4300000| Untracked 
|  67|0x00000000e4300000, 0x00000000e4400000, 0x00000000e4400000|100%| O|  |TAMS 0x00000000e4400000, 0x00000000e4400000| Untracked 
|  68|0x00000000e4400000, 0x00000000e4500000, 0x00000000e4500000|100%| O|  |TAMS 0x00000000e4400000, 0x00000000e4500000| Untracked 
|  69|0x00000000e4500000, 0x00000000e4600000, 0x00000000e4600000|100%| O|  |TAMS 0x00000000e4500000, 0x00000000e4600000| Untracked 
|  70|0x00000000e4600000, 0x00000000e4700000, 0x00000000e4700000|100%| O|  |TAMS 0x00000000e4700000, 0x00000000e4700000| Untracked 
|  71|0x00000000e4700000, 0x00000000e4800000, 0x00000000e4800000|100%| O|  |TAMS 0x00000000e4700000, 0x00000000e4800000| Untracked 
|  72|0x00000000e4800000, 0x00000000e4900000, 0x00000000e4900000|100%| O|  |TAMS 0x00000000e4900000, 0x00000000e4900000| Untracked 
|  73|0x00000000e4900000, 0x00000000e4a00000, 0x00000000e4a00000|100%| O|  |TAMS 0x00000000e4a00000, 0x00000000e4a00000| Untracked 
|  74|0x00000000e4a00000, 0x00000000e4b00000, 0x00000000e4b00000|100%| O|  |TAMS 0x00000000e4b00000, 0x00000000e4b00000| Untracked 
|  75|0x00000000e4b00000, 0x00000000e4c00000, 0x00000000e4c00000|100%| O|  |TAMS 0x00000000e4b00000, 0x00000000e4c00000| Untracked 
|  76|0x00000000e4c00000, 0x00000000e4d00000, 0x00000000e4d00000|100%| O|  |TAMS 0x00000000e4c00000, 0x00000000e4d00000| Untracked 
|  77|0x00000000e4d00000, 0x00000000e4e00000, 0x00000000e4e00000|100%| O|  |TAMS 0x00000000e4d00000, 0x00000000e4e00000| Untracked 
|  78|0x00000000e4e00000, 0x00000000e4e34400, 0x00000000e4f00000| 20%| O|  |TAMS 0x00000000e4e00000, 0x00000000e4e34400| Untracked 
|  79|0x00000000e4f00000, 0x00000000e4f00000, 0x00000000e5000000|  0%| F|  |TAMS 0x00000000e4f00000, 0x00000000e4f00000| Untracked 
|  80|0x00000000e5000000, 0x00000000e5000000, 0x00000000e5100000|  0%| F|  |TAMS 0x00000000e5000000, 0x00000000e5000000| Untracked 
|  81|0x00000000e5100000, 0x00000000e5200000, 0x00000000e5200000|100%| O|  |TAMS 0x00000000e5200000, 0x00000000e5200000| Untracked 
|  82|0x00000000e5200000, 0x00000000e5300000, 0x00000000e5300000|100%| O|  |TAMS 0x00000000e5300000, 0x00000000e5300000| Untracked 
|  83|0x00000000e5300000, 0x00000000e5400000, 0x00000000e5400000|100%| O|  |TAMS 0x00000000e5400000, 0x00000000e5400000| Untracked 
|  84|0x00000000e5400000, 0x00000000e5500000, 0x00000000e5500000|100%| O|  |TAMS 0x00000000e5500000, 0x00000000e5500000| Untracked 
|  85|0x00000000e5500000, 0x00000000e5600000, 0x00000000e5600000|100%|HS|  |TAMS 0x00000000e5600000, 0x00000000e5600000| Complete 
|  86|0x00000000e5600000, 0x00000000e5700000, 0x00000000e5700000|100%|HC|  |TAMS 0x00000000e5700000, 0x00000000e5700000| Complete 
|  87|0x00000000e5700000, 0x00000000e5800000, 0x00000000e5800000|100%|HC|  |TAMS 0x00000000e5800000, 0x00000000e5800000| Complete 
|  88|0x00000000e5800000, 0x00000000e5900000, 0x00000000e5900000|100%|HC|  |TAMS 0x00000000e5900000, 0x00000000e5900000| Complete 
|  89|0x00000000e5900000, 0x00000000e5a00000, 0x00000000e5a00000|100%|HC|  |TAMS 0x00000000e5a00000, 0x00000000e5a00000| Complete 
|  90|0x00000000e5a00000, 0x00000000e5b00000, 0x00000000e5b00000|100%|HS|  |TAMS 0x00000000e5b00000, 0x00000000e5b00000| Complete 
|  91|0x00000000e5b00000, 0x00000000e5c00000, 0x00000000e5c00000|100%|HC|  |TAMS 0x00000000e5c00000, 0x00000000e5c00000| Complete 
|  92|0x00000000e5c00000, 0x00000000e5d00000, 0x00000000e5d00000|100%|HC|  |TAMS 0x00000000e5d00000, 0x00000000e5d00000| Complete 
|  93|0x00000000e5d00000, 0x00000000e5e00000, 0x00000000e5e00000|100%|HC|  |TAMS 0x00000000e5e00000, 0x00000000e5e00000| Complete 
|  94|0x00000000e5e00000, 0x00000000e5f00000, 0x00000000e5f00000|100%|HS|  |TAMS 0x00000000e5f00000, 0x00000000e5f00000| Complete 
|  95|0x00000000e5f00000, 0x00000000e6000000, 0x00000000e6000000|100%|HC|  |TAMS 0x00000000e6000000, 0x00000000e6000000| Complete 
|  96|0x00000000e6000000, 0x00000000e6100000, 0x00000000e6100000|100%|HC|  |TAMS 0x00000000e6100000, 0x00000000e6100000| Complete 
|  97|0x00000000e6100000, 0x00000000e6200000, 0x00000000e6200000|100%|HC|  |TAMS 0x00000000e6200000, 0x00000000e6200000| Complete 
|  98|0x00000000e6200000, 0x00000000e6300000, 0x00000000e6300000|100%|HC|  |TAMS 0x00000000e6300000, 0x00000000e6300000| Complete 
|  99|0x00000000e6300000, 0x00000000e6400000, 0x00000000e6400000|100%|HS|  |TAMS 0x00000000e6400000, 0x00000000e6400000| Complete 
| 100|0x00000000e6400000, 0x00000000e6500000, 0x00000000e6500000|100%|HC|  |TAMS 0x00000000e6500000, 0x00000000e6500000| Complete 
| 101|0x00000000e6500000, 0x00000000e6600000, 0x00000000e6600000|100%|HC|  |TAMS 0x00000000e6600000, 0x00000000e6600000| Complete 
| 102|0x00000000e6600000, 0x00000000e6700000, 0x00000000e6700000|100%|HC|  |TAMS 0x00000000e6700000, 0x00000000e6700000| Complete 
| 103|0x00000000e6700000, 0x00000000e6800000, 0x00000000e6800000|100%|HS|  |TAMS 0x00000000e6800000, 0x00000000e6800000| Complete 
| 104|0x00000000e6800000, 0x00000000e6900000, 0x00000000e6900000|100%|HC|  |TAMS 0x00000000e6900000, 0x00000000e6900000| Complete 
| 105|0x00000000e6900000, 0x00000000e6a00000, 0x00000000e6a00000|100%|HC|  |TAMS 0x00000000e6a00000, 0x00000000e6a00000| Complete 
| 106|0x00000000e6a00000, 0x00000000e6b00000, 0x00000000e6b00000|100%|HC|  |TAMS 0x00000000e6b00000, 0x00000000e6b00000| Complete 
| 107|0x00000000e6b00000, 0x00000000e6c00000, 0x00000000e6c00000|100%|HC|  |TAMS 0x00000000e6c00000, 0x00000000e6c00000| Complete 
| 108|0x00000000e6c00000, 0x00000000e6d00000, 0x00000000e6d00000|100%|HS|  |TAMS 0x00000000e6d00000, 0x00000000e6d00000| Complete 
| 109|0x00000000e6d00000, 0x00000000e6e00000, 0x00000000e6e00000|100%|HC|  |TAMS 0x00000000e6e00000, 0x00000000e6e00000| Complete 
| 110|0x00000000e6e00000, 0x00000000e6f00000, 0x00000000e6f00000|100%|HC|  |TAMS 0x00000000e6f00000, 0x00000000e6f00000| Complete 
| 111|0x00000000e6f00000, 0x00000000e7000000, 0x00000000e7000000|100%|HC|  |TAMS 0x00000000e7000000, 0x00000000e7000000| Complete 
| 112|0x00000000e7000000, 0x00000000e7100000, 0x00000000e7100000|100%| O|  |TAMS 0x00000000e7100000, 0x00000000e7100000| Untracked 
| 113|0x00000000e7100000, 0x00000000e7100000, 0x00000000e7200000|  0%| F|  |TAMS 0x00000000e7100000, 0x00000000e7100000| Untracked 
| 114|0x00000000e7200000, 0x00000000e7300000, 0x00000000e7300000|100%| O|  |TAMS 0x00000000e7300000, 0x00000000e7300000| Untracked 
| 115|0x00000000e7300000, 0x00000000e7300000, 0x00000000e7400000|  0%| F|  |TAMS 0x00000000e7300000, 0x00000000e7300000| Untracked 
| 116|0x00000000e7400000, 0x00000000e7400000, 0x00000000e7500000|  0%| F|  |TAMS 0x00000000e7400000, 0x00000000e7400000| Untracked 
| 117|0x00000000e7500000, 0x00000000e7500000, 0x00000000e7600000|  0%| F|  |TAMS 0x00000000e7500000, 0x00000000e7500000| Untracked 
| 118|0x00000000e7600000, 0x00000000e7600000, 0x00000000e7700000|  0%| F|  |TAMS 0x00000000e7600000, 0x00000000e7600000| Untracked 
| 119|0x00000000e7700000, 0x00000000e7700000, 0x00000000e7800000|  0%| F|  |TAMS 0x00000000e7700000, 0x00000000e7700000| Untracked 
| 120|0x00000000e7800000, 0x00000000e7900000, 0x00000000e7900000|100%| O|  |TAMS 0x00000000e7900000, 0x00000000e7900000| Untracked 
| 121|0x00000000e7900000, 0x00000000e7a00000, 0x00000000e7a00000|100%| O|  |TAMS 0x00000000e7a00000, 0x00000000e7a00000| Untracked 
| 122|0x00000000e7a00000, 0x00000000e7b00000, 0x00000000e7b00000|100%| O|  |TAMS 0x00000000e7b00000, 0x00000000e7b00000| Untracked 
| 123|0x00000000e7b00000, 0x00000000e7c00000, 0x00000000e7c00000|100%| O|  |TAMS 0x00000000e7c00000, 0x00000000e7c00000| Untracked 
| 124|0x00000000e7c00000, 0x00000000e7c00000, 0x00000000e7d00000|  0%| F|  |TAMS 0x00000000e7c00000, 0x00000000e7c00000| Untracked 
| 125|0x00000000e7d00000, 0x00000000e7e00000, 0x00000000e7e00000|100%| O|  |TAMS 0x00000000e7e00000, 0x00000000e7e00000| Untracked 
| 126|0x00000000e7e00000, 0x00000000e7f00000, 0x00000000e7f00000|100%| O|  |TAMS 0x00000000e7f00000, 0x00000000e7f00000| Untracked 
| 127|0x00000000e7f00000, 0x00000000e8000000, 0x00000000e8000000|100%| O|  |TAMS 0x00000000e8000000, 0x00000000e8000000| Untracked 
| 128|0x00000000e8000000, 0x00000000e8100000, 0x00000000e8100000|100%| O|  |TAMS 0x00000000e8100000, 0x00000000e8100000| Untracked 
| 129|0x00000000e8100000, 0x00000000e8100000, 0x00000000e8200000|  0%| F|  |TAMS 0x00000000e8100000, 0x00000000e8100000| Untracked 
| 130|0x00000000e8200000, 0x00000000e8200000, 0x00000000e8300000|  0%| F|  |TAMS 0x00000000e8200000, 0x00000000e8200000| Untracked 
| 131|0x00000000e8300000, 0x00000000e8400000, 0x00000000e8400000|100%| O|  |TAMS 0x00000000e8400000, 0x00000000e8400000| Untracked 
| 132|0x00000000e8400000, 0x00000000e8400000, 0x00000000e8500000|  0%| F|  |TAMS 0x00000000e8400000, 0x00000000e8400000| Untracked 
| 133|0x00000000e8500000, 0x00000000e8600000, 0x00000000e8600000|100%| O|  |TAMS 0x00000000e8600000, 0x00000000e8600000| Untracked 
| 134|0x00000000e8600000, 0x00000000e8700000, 0x00000000e8700000|100%| O|  |TAMS 0x00000000e8700000, 0x00000000e8700000| Untracked 
| 135|0x00000000e8700000, 0x00000000e8700000, 0x00000000e8800000|  0%| F|  |TAMS 0x00000000e8700000, 0x00000000e8700000| Untracked 
| 136|0x00000000e8800000, 0x00000000e8800000, 0x00000000e8900000|  0%| F|  |TAMS 0x00000000e8800000, 0x00000000e8800000| Untracked 
| 137|0x00000000e8900000, 0x00000000e8900000, 0x00000000e8a00000|  0%| F|  |TAMS 0x00000000e8900000, 0x00000000e8900000| Untracked 
| 138|0x00000000e8a00000, 0x00000000e8a00000, 0x00000000e8b00000|  0%| F|  |TAMS 0x00000000e8a00000, 0x00000000e8a00000| Untracked 
| 139|0x00000000e8b00000, 0x00000000e8b00000, 0x00000000e8c00000|  0%| F|  |TAMS 0x00000000e8b00000, 0x00000000e8b00000| Untracked 
| 140|0x00000000e8c00000, 0x00000000e8c00000, 0x00000000e8d00000|  0%| F|  |TAMS 0x00000000e8c00000, 0x00000000e8c00000| Untracked 
| 141|0x00000000e8d00000, 0x00000000e8d00000, 0x00000000e8e00000|  0%| F|  |TAMS 0x00000000e8d00000, 0x00000000e8d00000| Untracked 
| 142|0x00000000e8e00000, 0x00000000e8e00000, 0x00000000e8f00000|  0%| F|  |TAMS 0x00000000e8e00000, 0x00000000e8e00000| Untracked 
| 143|0x00000000e8f00000, 0x00000000e8f00000, 0x00000000e9000000|  0%| F|  |TAMS 0x00000000e8f00000, 0x00000000e8f00000| Untracked 
| 144|0x00000000e9000000, 0x00000000e9000000, 0x00000000e9100000|  0%| F|  |TAMS 0x00000000e9000000, 0x00000000e9000000| Untracked 
| 145|0x00000000e9100000, 0x00000000e9100000, 0x00000000e9200000|  0%| F|  |TAMS 0x00000000e9100000, 0x00000000e9100000| Untracked 
| 146|0x00000000e9200000, 0x00000000e9200000, 0x00000000e9300000|  0%| F|  |TAMS 0x00000000e9200000, 0x00000000e9200000| Untracked 
| 147|0x00000000e9300000, 0x00000000e9300000, 0x00000000e9400000|  0%| F|  |TAMS 0x00000000e9300000, 0x00000000e9300000| Untracked 
| 148|0x00000000e9400000, 0x00000000e9400000, 0x00000000e9500000|  0%| F|  |TAMS 0x00000000e9400000, 0x00000000e9400000| Untracked 
| 149|0x00000000e9500000, 0x00000000e9500000, 0x00000000e9600000|  0%| F|  |TAMS 0x00000000e9500000, 0x00000000e9500000| Untracked 
| 150|0x00000000e9600000, 0x00000000e9600000, 0x00000000e9700000|  0%| F|  |TAMS 0x00000000e9600000, 0x00000000e9600000| Untracked 
| 151|0x00000000e9700000, 0x00000000e9700000, 0x00000000e9800000|  0%| F|  |TAMS 0x00000000e9700000, 0x00000000e9700000| Untracked 
| 152|0x00000000e9800000, 0x00000000e9800000, 0x00000000e9900000|  0%| F|  |TAMS 0x00000000e9800000, 0x00000000e9800000| Untracked 
| 153|0x00000000e9900000, 0x00000000e9900000, 0x00000000e9a00000|  0%| F|  |TAMS 0x00000000e9900000, 0x00000000e9900000| Untracked 
| 154|0x00000000e9a00000, 0x00000000e9a00000, 0x00000000e9b00000|  0%| F|  |TAMS 0x00000000e9a00000, 0x00000000e9a00000| Untracked 
| 155|0x00000000e9b00000, 0x00000000e9b00000, 0x00000000e9c00000|  0%| F|  |TAMS 0x00000000e9b00000, 0x00000000e9b00000| Untracked 
| 156|0x00000000e9c00000, 0x00000000e9c00000, 0x00000000e9d00000|  0%| F|  |TAMS 0x00000000e9c00000, 0x00000000e9c00000| Untracked 
| 157|0x00000000e9d00000, 0x00000000e9d00000, 0x00000000e9e00000|  0%| F|  |TAMS 0x00000000e9d00000, 0x00000000e9d00000| Untracked 
| 158|0x00000000e9e00000, 0x00000000e9e00000, 0x00000000e9f00000|  0%| F|  |TAMS 0x00000000e9e00000, 0x00000000e9e00000| Untracked 
| 159|0x00000000e9f00000, 0x00000000e9f00000, 0x00000000ea000000|  0%| F|  |TAMS 0x00000000e9f00000, 0x00000000e9f00000| Untracked 
| 160|0x00000000ea000000, 0x00000000ea000000, 0x00000000ea100000|  0%| F|  |TAMS 0x00000000ea000000, 0x00000000ea000000| Untracked 
| 161|0x00000000ea100000, 0x00000000ea100000, 0x00000000ea200000|  0%| F|  |TAMS 0x00000000ea100000, 0x00000000ea100000| Untracked 
| 162|0x00000000ea200000, 0x00000000ea200000, 0x00000000ea300000|  0%| F|  |TAMS 0x00000000ea200000, 0x00000000ea200000| Untracked 
| 163|0x00000000ea300000, 0x00000000ea374730, 0x00000000ea400000| 45%| S|CS|TAMS 0x00000000ea300000, 0x00000000ea300000| Complete 
| 164|0x00000000ea400000, 0x00000000ea500000, 0x00000000ea500000|100%| S|CS|TAMS 0x00000000ea400000, 0x00000000ea400000| Complete 
| 165|0x00000000ea500000, 0x00000000ea500000, 0x00000000ea600000|  0%| F|  |TAMS 0x00000000ea500000, 0x00000000ea500000| Untracked 
| 166|0x00000000ea600000, 0x00000000ea600000, 0x00000000ea700000|  0%| F|  |TAMS 0x00000000ea600000, 0x00000000ea600000| Untracked 
| 167|0x00000000ea700000, 0x00000000ea700000, 0x00000000ea800000|  0%| F|  |TAMS 0x00000000ea700000, 0x00000000ea700000| Untracked 
| 168|0x00000000ea800000, 0x00000000ea900000, 0x00000000ea900000|100%| S|CS|TAMS 0x00000000ea800000, 0x00000000ea800000| Complete 
| 169|0x00000000ea900000, 0x00000000eaa00000, 0x00000000eaa00000|100%| S|CS|TAMS 0x00000000ea900000, 0x00000000ea900000| Complete 
| 170|0x00000000eaa00000, 0x00000000eab00000, 0x00000000eab00000|100%| S|CS|TAMS 0x00000000eaa00000, 0x00000000eaa00000| Complete 
| 171|0x00000000eab00000, 0x00000000eac00000, 0x00000000eac00000|100%| S|CS|TAMS 0x00000000eab00000, 0x00000000eab00000| Complete 
| 172|0x00000000eac00000, 0x00000000ead00000, 0x00000000ead00000|100%| S|CS|TAMS 0x00000000eac00000, 0x00000000eac00000| Complete 
| 173|0x00000000ead00000, 0x00000000eae00000, 0x00000000eae00000|100%| S|CS|TAMS 0x00000000ead00000, 0x00000000ead00000| Complete 
| 174|0x00000000eae00000, 0x00000000eaf00000, 0x00000000eaf00000|100%| S|CS|TAMS 0x00000000eae00000, 0x00000000eae00000| Complete 
| 175|0x00000000eaf00000, 0x00000000eaf00000, 0x00000000eb000000|  0%| F|  |TAMS 0x00000000eaf00000, 0x00000000eaf00000| Untracked 
| 176|0x00000000eb000000, 0x00000000eb000000, 0x00000000eb100000|  0%| F|  |TAMS 0x00000000eb000000, 0x00000000eb000000| Untracked 
| 177|0x00000000eb100000, 0x00000000eb100000, 0x00000000eb200000|  0%| F|  |TAMS 0x00000000eb100000, 0x00000000eb100000| Untracked 
| 178|0x00000000eb200000, 0x00000000eb200000, 0x00000000eb300000|  0%| F|  |TAMS 0x00000000eb200000, 0x00000000eb200000| Untracked 
| 179|0x00000000eb300000, 0x00000000eb300000, 0x00000000eb400000|  0%| F|  |TAMS 0x00000000eb300000, 0x00000000eb300000| Untracked 
| 180|0x00000000eb400000, 0x00000000eb400000, 0x00000000eb500000|  0%| F|  |TAMS 0x00000000eb400000, 0x00000000eb400000| Untracked 
| 181|0x00000000eb500000, 0x00000000eb500000, 0x00000000eb600000|  0%| F|  |TAMS 0x00000000eb500000, 0x00000000eb500000| Untracked 
| 182|0x00000000eb600000, 0x00000000eb600000, 0x00000000eb700000|  0%| F|  |TAMS 0x00000000eb600000, 0x00000000eb600000| Untracked 
| 183|0x00000000eb700000, 0x00000000eb700000, 0x00000000eb800000|  0%| F|  |TAMS 0x00000000eb700000, 0x00000000eb700000| Untracked 
| 184|0x00000000eb800000, 0x00000000eb800000, 0x00000000eb900000|  0%| F|  |TAMS 0x00000000eb800000, 0x00000000eb800000| Untracked 
| 185|0x00000000eb900000, 0x00000000eb900000, 0x00000000eba00000|  0%| F|  |TAMS 0x00000000eb900000, 0x00000000eb900000| Untracked 
| 186|0x00000000eba00000, 0x00000000eba00000, 0x00000000ebb00000|  0%| F|  |TAMS 0x00000000eba00000, 0x00000000eba00000| Untracked 
| 187|0x00000000ebb00000, 0x00000000ebb00000, 0x00000000ebc00000|  0%| F|  |TAMS 0x00000000ebb00000, 0x00000000ebb00000| Untracked 
| 188|0x00000000ebc00000, 0x00000000ebc00000, 0x00000000ebd00000|  0%| F|  |TAMS 0x00000000ebc00000, 0x00000000ebc00000| Untracked 
| 189|0x00000000ebd00000, 0x00000000ebd00000, 0x00000000ebe00000|  0%| F|  |TAMS 0x00000000ebd00000, 0x00000000ebd00000| Untracked 
| 190|0x00000000ebe00000, 0x00000000ebe00000, 0x00000000ebf00000|  0%| F|  |TAMS 0x00000000ebe00000, 0x00000000ebe00000| Untracked 
| 191|0x00000000ebf00000, 0x00000000ebf00000, 0x00000000ec000000|  0%| F|  |TAMS 0x00000000ebf00000, 0x00000000ebf00000| Untracked 
| 192|0x00000000ec000000, 0x00000000ec000000, 0x00000000ec100000|  0%| F|  |TAMS 0x00000000ec000000, 0x00000000ec000000| Untracked 
| 193|0x00000000ec100000, 0x00000000ec100000, 0x00000000ec200000|  0%| F|  |TAMS 0x00000000ec100000, 0x00000000ec100000| Untracked 
| 194|0x00000000ec200000, 0x00000000ec200000, 0x00000000ec300000|  0%| F|  |TAMS 0x00000000ec200000, 0x00000000ec200000| Untracked 
| 195|0x00000000ec300000, 0x00000000ec300000, 0x00000000ec400000|  0%| F|  |TAMS 0x00000000ec300000, 0x00000000ec300000| Untracked 
| 196|0x00000000ec400000, 0x00000000ec400000, 0x00000000ec500000|  0%| F|  |TAMS 0x00000000ec400000, 0x00000000ec400000| Untracked 
| 197|0x00000000ec500000, 0x00000000ec500000, 0x00000000ec600000|  0%| F|  |TAMS 0x00000000ec500000, 0x00000000ec500000| Untracked 
| 198|0x00000000ec600000, 0x00000000ec600000, 0x00000000ec700000|  0%| F|  |TAMS 0x00000000ec600000, 0x00000000ec600000| Untracked 
| 199|0x00000000ec700000, 0x00000000ec700000, 0x00000000ec800000|  0%| F|  |TAMS 0x00000000ec700000, 0x00000000ec700000| Untracked 
| 200|0x00000000ec800000, 0x00000000ec800000, 0x00000000ec900000|  0%| F|  |TAMS 0x00000000ec800000, 0x00000000ec800000| Untracked 
| 201|0x00000000ec900000, 0x00000000ec900000, 0x00000000eca00000|  0%| F|  |TAMS 0x00000000ec900000, 0x00000000ec900000| Untracked 
| 202|0x00000000eca00000, 0x00000000eca00000, 0x00000000ecb00000|  0%| F|  |TAMS 0x00000000eca00000, 0x00000000eca00000| Untracked 
| 203|0x00000000ecb00000, 0x00000000ecb00000, 0x00000000ecc00000|  0%| F|  |TAMS 0x00000000ecb00000, 0x00000000ecb00000| Untracked 
| 204|0x00000000ecc00000, 0x00000000ecc00000, 0x00000000ecd00000|  0%| F|  |TAMS 0x00000000ecc00000, 0x00000000ecc00000| Untracked 
| 205|0x00000000ecd00000, 0x00000000ecd00000, 0x00000000ece00000|  0%| F|  |TAMS 0x00000000ecd00000, 0x00000000ecd00000| Untracked 
| 206|0x00000000ece00000, 0x00000000ece00000, 0x00000000ecf00000|  0%| F|  |TAMS 0x00000000ece00000, 0x00000000ece00000| Untracked 
| 207|0x00000000ecf00000, 0x00000000ecf00000, 0x00000000ed000000|  0%| F|  |TAMS 0x00000000ecf00000, 0x00000000ecf00000| Untracked 
| 208|0x00000000ed000000, 0x00000000ed000000, 0x00000000ed100000|  0%| F|  |TAMS 0x00000000ed000000, 0x00000000ed000000| Untracked 
| 209|0x00000000ed100000, 0x00000000ed100000, 0x00000000ed200000|  0%| F|  |TAMS 0x00000000ed100000, 0x00000000ed100000| Untracked 
| 210|0x00000000ed200000, 0x00000000ed200000, 0x00000000ed300000|  0%| F|  |TAMS 0x00000000ed200000, 0x00000000ed200000| Untracked 
| 211|0x00000000ed300000, 0x00000000ed300000, 0x00000000ed400000|  0%| F|  |TAMS 0x00000000ed300000, 0x00000000ed300000| Untracked 
| 212|0x00000000ed400000, 0x00000000ed400000, 0x00000000ed500000|  0%| F|  |TAMS 0x00000000ed400000, 0x00000000ed400000| Untracked 
| 213|0x00000000ed500000, 0x00000000ed500000, 0x00000000ed600000|  0%| F|  |TAMS 0x00000000ed500000, 0x00000000ed500000| Untracked 
| 214|0x00000000ed600000, 0x00000000ed600000, 0x00000000ed700000|  0%| F|  |TAMS 0x00000000ed600000, 0x00000000ed600000| Untracked 
| 215|0x00000000ed700000, 0x00000000ed700000, 0x00000000ed800000|  0%| F|  |TAMS 0x00000000ed700000, 0x00000000ed700000| Untracked 
| 216|0x00000000ed800000, 0x00000000ed800000, 0x00000000ed900000|  0%| F|  |TAMS 0x00000000ed800000, 0x00000000ed800000| Untracked 
| 217|0x00000000ed900000, 0x00000000ed900000, 0x00000000eda00000|  0%| F|  |TAMS 0x00000000ed900000, 0x00000000ed900000| Untracked 
| 218|0x00000000eda00000, 0x00000000eda00000, 0x00000000edb00000|  0%| F|  |TAMS 0x00000000eda00000, 0x00000000eda00000| Untracked 
| 219|0x00000000edb00000, 0x00000000edb00000, 0x00000000edc00000|  0%| F|  |TAMS 0x00000000edb00000, 0x00000000edb00000| Untracked 
| 220|0x00000000edc00000, 0x00000000edc00000, 0x00000000edd00000|  0%| F|  |TAMS 0x00000000edc00000, 0x00000000edc00000| Untracked 
| 221|0x00000000edd00000, 0x00000000edd00000, 0x00000000ede00000|  0%| F|  |TAMS 0x00000000edd00000, 0x00000000edd00000| Untracked 
| 222|0x00000000ede00000, 0x00000000ede00000, 0x00000000edf00000|  0%| F|  |TAMS 0x00000000ede00000, 0x00000000ede00000| Untracked 
| 223|0x00000000edf00000, 0x00000000edf00000, 0x00000000ee000000|  0%| F|  |TAMS 0x00000000edf00000, 0x00000000edf00000| Untracked 
| 224|0x00000000ee000000, 0x00000000ee000000, 0x00000000ee100000|  0%| F|  |TAMS 0x00000000ee000000, 0x00000000ee000000| Untracked 
| 225|0x00000000ee100000, 0x00000000ee100000, 0x00000000ee200000|  0%| F|  |TAMS 0x00000000ee100000, 0x00000000ee100000| Untracked 
| 226|0x00000000ee200000, 0x00000000ee200000, 0x00000000ee300000|  0%| F|  |TAMS 0x00000000ee200000, 0x00000000ee200000| Untracked 
| 227|0x00000000ee300000, 0x00000000ee300000, 0x00000000ee400000|  0%| F|  |TAMS 0x00000000ee300000, 0x00000000ee300000| Untracked 
| 228|0x00000000ee400000, 0x00000000ee400000, 0x00000000ee500000|  0%| F|  |TAMS 0x00000000ee400000, 0x00000000ee400000| Untracked 
| 229|0x00000000ee500000, 0x00000000ee500000, 0x00000000ee600000|  0%| F|  |TAMS 0x00000000ee500000, 0x00000000ee500000| Untracked 
| 230|0x00000000ee600000, 0x00000000ee600000, 0x00000000ee700000|  0%| F|  |TAMS 0x00000000ee600000, 0x00000000ee600000| Untracked 
| 231|0x00000000ee700000, 0x00000000ee700000, 0x00000000ee800000|  0%| F|  |TAMS 0x00000000ee700000, 0x00000000ee700000| Untracked 
| 232|0x00000000ee800000, 0x00000000ee800000, 0x00000000ee900000|  0%| F|  |TAMS 0x00000000ee800000, 0x00000000ee800000| Untracked 
| 233|0x00000000ee900000, 0x00000000ee900000, 0x00000000eea00000|  0%| F|  |TAMS 0x00000000ee900000, 0x00000000ee900000| Untracked 
| 234|0x00000000eea00000, 0x00000000eea00000, 0x00000000eeb00000|  0%| F|  |TAMS 0x00000000eea00000, 0x00000000eea00000| Untracked 
| 235|0x00000000eeb00000, 0x00000000eeb00000, 0x00000000eec00000|  0%| F|  |TAMS 0x00000000eeb00000, 0x00000000eeb00000| Untracked 
| 236|0x00000000eec00000, 0x00000000eec00000, 0x00000000eed00000|  0%| F|  |TAMS 0x00000000eec00000, 0x00000000eec00000| Untracked 
| 237|0x00000000eed00000, 0x00000000eed00000, 0x00000000eee00000|  0%| F|  |TAMS 0x00000000eed00000, 0x00000000eed00000| Untracked 
| 238|0x00000000eee00000, 0x00000000eee00000, 0x00000000eef00000|  0%| F|  |TAMS 0x00000000eee00000, 0x00000000eee00000| Untracked 
| 239|0x00000000eef00000, 0x00000000eef00000, 0x00000000ef000000|  0%| F|  |TAMS 0x00000000eef00000, 0x00000000eef00000| Untracked 
| 240|0x00000000ef000000, 0x00000000ef0a0100, 0x00000000ef100000| 62%| E|  |TAMS 0x00000000ef000000, 0x00000000ef000000| Complete 
| 241|0x00000000ef100000, 0x00000000ef200000, 0x00000000ef200000|100%| E|CS|TAMS 0x00000000ef100000, 0x00000000ef100000| Complete 
| 242|0x00000000ef200000, 0x00000000ef300000, 0x00000000ef300000|100%| E|CS|TAMS 0x00000000ef200000, 0x00000000ef200000| Complete 
| 243|0x00000000ef300000, 0x00000000ef400000, 0x00000000ef400000|100%| E|CS|TAMS 0x00000000ef300000, 0x00000000ef300000| Complete 
| 244|0x00000000ef400000, 0x00000000ef500000, 0x00000000ef500000|100%| E|CS|TAMS 0x00000000ef400000, 0x00000000ef400000| Complete 
| 245|0x00000000ef500000, 0x00000000ef600000, 0x00000000ef600000|100%| E|CS|TAMS 0x00000000ef500000, 0x00000000ef500000| Complete 
| 246|0x00000000ef600000, 0x00000000ef700000, 0x00000000ef700000|100%| E|CS|TAMS 0x00000000ef600000, 0x00000000ef600000| Complete 
| 247|0x00000000ef700000, 0x00000000ef800000, 0x00000000ef800000|100%| E|CS|TAMS 0x00000000ef700000, 0x00000000ef700000| Complete 
| 248|0x00000000ef800000, 0x00000000ef900000, 0x00000000ef900000|100%| E|CS|TAMS 0x00000000ef800000, 0x00000000ef800000| Complete 
| 249|0x00000000ef900000, 0x00000000efa00000, 0x00000000efa00000|100%| E|CS|TAMS 0x00000000ef900000, 0x00000000ef900000| Complete 
| 250|0x00000000efa00000, 0x00000000efb00000, 0x00000000efb00000|100%| E|CS|TAMS 0x00000000efa00000, 0x00000000efa00000| Complete 
| 251|0x00000000efb00000, 0x00000000efc00000, 0x00000000efc00000|100%| E|CS|TAMS 0x00000000efb00000, 0x00000000efb00000| Complete 
| 252|0x00000000efc00000, 0x00000000efd00000, 0x00000000efd00000|100%| E|CS|TAMS 0x00000000efc00000, 0x00000000efc00000| Complete 
| 253|0x00000000efd00000, 0x00000000efe00000, 0x00000000efe00000|100%| E|CS|TAMS 0x00000000efd00000, 0x00000000efd00000| Complete 
| 254|0x00000000efe00000, 0x00000000eff00000, 0x00000000eff00000|100%| E|CS|TAMS 0x00000000efe00000, 0x00000000efe00000| Complete 
| 255|0x00000000eff00000, 0x00000000f0000000, 0x00000000f0000000|100%| E|CS|TAMS 0x00000000eff00000, 0x00000000eff00000| Complete 

Card table byte_map: [0x000002347e400000,0x000002347e500000] _byte_map_base: 0x000002347dd00000

Marking Bits (Prev, Next): (CMBitMap*) 0x00000234758dc840, (CMBitMap*) 0x00000234758dc808
 Prev Bits: [0x000002347ee00000, 0x000002347f600000)
 Next Bits: [0x000002347e600000, 0x000002347ee00000)

Polling page: 0x0000023474f90000

Metaspace:

Usage:
  Non-class:     86.41 MB capacity,    84.30 MB ( 98%) used,     1.81 MB (  2%) free+waste,   318.81 KB ( <1%) overhead. 
      Class:     13.00 MB capacity,    11.96 MB ( 92%) used,   923.95 KB (  7%) free+waste,   143.25 KB (  1%) overhead. 
       Both:     99.41 MB capacity,    96.25 MB ( 97%) used,     2.71 MB (  3%) free+waste,   462.06 KB ( <1%) overhead. 

Virtual space:
  Non-class space:       88.00 MB reserved,      86.70 MB ( 99%) committed 
      Class space:      248.00 MB reserved,      13.13 MB (  5%) committed 
             Both:      336.00 MB reserved,      99.82 MB ( 30%) committed 

Chunk freelists:
   Non-Class:  166.00 KB
       Class:  33.00 KB
        Both:  199.00 KB

MaxMetaspaceSize: 256.00 MB
CompressedClassSpaceSize: 248.00 MB
Initial GC threshold: 20.80 MB
Current GC threshold: 161.17 MB
CDS: off

CodeHeap 'non-profiled nmethods': size=120000Kb used=15209Kb max_used=15209Kb free=104790Kb
 bounds [0x0000023407ad0000, 0x00000234089b0000, 0x000002340f000000]
CodeHeap 'profiled nmethods': size=120000Kb used=37674Kb max_used=38278Kb free=82325Kb
 bounds [0x00000234005a0000, 0x0000023402b30000, 0x0000023407ad0000]
CodeHeap 'non-nmethods': size=5760Kb used=2442Kb max_used=2477Kb free=3318Kb
 bounds [0x0000023400000000, 0x0000023400280000, 0x00000234005a0000]
 total_blobs=17647 nmethods=16730 adapters=826
 compilation: enabled
              stopped_count=0, restarted_count=0
 full_count=0

Compilation events (20 events):
Event: 63197.220 Thread 0x0000023411a48800 nmethod 18405 0x000002340899e990 code [0x000002340899eb20, 0x000002340899ebb8]
Event: 63197.230 Thread 0x0000023411a49000 18407       3       io.spring.gradle.dependencymanagement.org.apache.maven.model.building.DefaultModelProblemCollector::addAll (57 bytes)
Event: 63197.230 Thread 0x0000023411a49000 nmethod 18407 0x00000234007c9a90 code [0x00000234007c9cc0, 0x00000234007ca3a8]
Event: 63197.233 Thread 0x0000023411a48800 18408       4       org.gradle.cache.internal.DefaultCacheAccess$UnitOfWorkFileAccess::readFile (14 bytes)
Event: 63197.234 Thread 0x0000023411a48800 nmethod 18408 0x000002340899ec90 code [0x000002340899ee40, 0x000002340899ef18]
Event: 63197.239 Thread 0x0000023411a48800 18409       4       org.gradle.internal.operations.DefaultBuildOperationRunner$BuildOperationTrackingListener::start (53 bytes)
Event: 63197.287 Thread 0x0000023411a49000 18414       3       org.gradle.api.internal.artifacts.ivyservice.resolveengine.excludes.ModuleExclusions::isWildcard (7 bytes)
Event: 63197.287 Thread 0x0000023411a49000 nmethod 18414 0x0000023401172810 code [0x00000234011729c0, 0x0000023401172ae8]
Event: 63197.287 Thread 0x0000023411a49000 18415       3       org.gradle.api.internal.artifacts.ivyservice.resolveengine.excludes.factories.NormalizingExcludeFactory$$Lambda$778/0x0000000100794c40::test (12 bytes)
Event: 63197.288 Thread 0x0000023411a49000 nmethod 18415 0x0000023401099710 code [0x00000234010998c0, 0x0000023401099af8]
Event: 63197.382 Thread 0x0000023411a49000 18418       3       io.spring.gradle.dependencymanagement.org.apache.maven.model.Site::getLocation (25 bytes)
Event: 63197.383 Thread 0x0000023411a49000 nmethod 18418 0x000002340118f790 code [0x000002340118f960, 0x000002340118fc68]
Event: 63197.383 Thread 0x0000023411a49000 18419       3       io.spring.gradle.dependencymanagement.org.apache.maven.model.Site::setLocation (35 bytes)
Event: 63197.383 Thread 0x0000023412f84800 nmethod 18404 0x000002340899f090 code [0x000002340899f3e0, 0x00000234089a26b0]
Event: 63197.383 Thread 0x0000023412f84800 18411       4       java.lang.AbstractStringBuilder::append (55 bytes)
Event: 63197.383 Thread 0x0000023411a49000 nmethod 18419 0x000002340118ef90 code [0x000002340118f180, 0x000002340118f608]
Event: 63197.401 Thread 0x0000023412f84800 nmethod 18411 0x00000234089a3b90 code [0x00000234089a3d60, 0x00000234089a47c8]
Event: 63197.401 Thread 0x0000023412f84800 18412   !   4       org.gradle.api.internal.DynamicPropertyNamer::determineName (107 bytes)
Event: 63197.414 Thread 0x0000023411a48800 nmethod 18409 0x00000234089a4b90 code [0x00000234089a4f80, 0x00000234089a8bf0]
Event: 63197.414 Thread 0x0000023411a48800 18420       4       org.gradle.api.internal.artifacts.configurations.DefaultConfiguration_Decorated::getProperty (11 bytes)

GC Heap History (20 events):
Event: 61166.808 GC heap before
{Heap before GC invocations=34 (full 0):
 garbage-first heap   total 262144K, used 137964K [0x00000000e0000000, 0x0000000100000000)
  region size 1024K, 12 young (12288K), 9 survivors (9216K)
 Metaspace       used 93067K, capacity 96037K, committed 96972K, reserved 339968K
  class space    used 11602K, capacity 12614K, committed 12800K, reserved 253952K
}
Event: 61166.817 GC heap after
{Heap after GC invocations=35 (full 0):
 garbage-first heap   total 262144K, used 122693K [0x00000000e0000000, 0x0000000100000000)
  region size 1024K, 2 young (2048K), 2 survivors (2048K)
 Metaspace       used 93067K, capacity 96037K, committed 96972K, reserved 339968K
  class space    used 11602K, capacity 12614K, committed 12800K, reserved 253952K
}
Event: 61178.581 GC heap before
{Heap before GC invocations=35 (full 0):
 garbage-first heap   total 262144K, used 209733K [0x00000000e0000000, 0x0000000100000000)
  region size 1024K, 88 young (90112K), 2 survivors (2048K)
 Metaspace       used 95331K, capacity 98367K, committed 99020K, reserved 339968K
  class space    used 11894K, capacity 12924K, committed 13056K, reserved 253952K
}
Event: 61178.591 GC heap after
{Heap after GC invocations=36 (full 0):
 garbage-first heap   total 262144K, used 127562K [0x00000000e0000000, 0x0000000100000000)
  region size 1024K, 6 young (6144K), 6 survivors (6144K)
 Metaspace       used 95331K, capacity 98367K, committed 99020K, reserved 339968K
  class space    used 11894K, capacity 12924K, committed 13056K, reserved 253952K
}
Event: 61178.786 GC heap before
{Heap before GC invocations=37 (full 0):
 garbage-first heap   total 262144K, used 165450K [0x00000000e0000000, 0x0000000100000000)
  region size 1024K, 47 young (48128K), 6 survivors (6144K)
 Metaspace       used 95340K, capacity 98368K, committed 99020K, reserved 339968K
  class space    used 11894K, capacity 12924K, committed 13056K, reserved 253952K
}
Event: 61178.797 GC heap after
{Heap after GC invocations=38 (full 0):
 garbage-first heap   total 262144K, used 125554K [0x00000000e0000000, 0x0000000100000000)
  region size 1024K, 7 young (7168K), 7 survivors (7168K)
 Metaspace       used 95340K, capacity 98368K, committed 99020K, reserved 339968K
  class space    used 11894K, capacity 12924K, committed 13056K, reserved 253952K
}
Event: 61178.950 GC heap before
{Heap before GC invocations=39 (full 0):
 garbage-first heap   total 262144K, used 169586K [0x00000000e0000000, 0x0000000100000000)
  region size 1024K, 51 young (52224K), 7 survivors (7168K)
 Metaspace       used 95350K, capacity 98368K, committed 99020K, reserved 339968K
  class space    used 11894K, capacity 12924K, committed 13056K, reserved 253952K
}
Event: 61178.963 GC heap after
{Heap after GC invocations=40 (full 0):
 garbage-first heap   total 262144K, used 126998K [0x00000000e0000000, 0x0000000100000000)
  region size 1024K, 3 young (3072K), 3 survivors (3072K)
 Metaspace       used 95350K, capacity 98368K, committed 99020K, reserved 339968K
  class space    used 11894K, capacity 12924K, committed 13056K, reserved 253952K
}
Event: 61179.309 GC heap before
{Heap before GC invocations=41 (full 0):
 garbage-first heap   total 262144K, used 195606K [0x00000000e0000000, 0x0000000100000000)
  region size 1024K, 70 young (71680K), 3 survivors (3072K)
 Metaspace       used 95488K, capacity 98443K, committed 99020K, reserved 339968K
  class space    used 11896K, capacity 12925K, committed 13056K, reserved 253952K
}
Event: 61179.311 GC heap after
{Heap after GC invocations=42 (full 0):
 garbage-first heap   total 262144K, used 128869K [0x00000000e0000000, 0x0000000100000000)
  region size 1024K, 4 young (4096K), 4 survivors (4096K)
 Metaspace       used 95488K, capacity 98443K, committed 99020K, reserved 339968K
  class space    used 11896K, capacity 12925K, committed 13056K, reserved 253952K
}
Event: 61179.355 GC heap before
{Heap before GC invocations=42 (full 0):
 garbage-first heap   total 262144K, used 136037K [0x00000000e0000000, 0x0000000100000000)
  region size 1024K, 12 young (12288K), 4 survivors (4096K)
 Metaspace       used 95494K, capacity 98443K, committed 99020K, reserved 339968K
  class space    used 11896K, capacity 12925K, committed 13056K, reserved 253952K
}
Event: 61179.364 GC heap after
{Heap after GC invocations=43 (full 0):
 garbage-first heap   total 262144K, used 119519K [0x00000000e0000000, 0x0000000100000000)
  region size 1024K, 2 young (2048K), 2 survivors (2048K)
 Metaspace       used 95494K, capacity 98443K, committed 99020K, reserved 339968K
  class space    used 11896K, capacity 12925K, committed 13056K, reserved 253952K
}
Event: 62985.092 GC heap before
{Heap before GC invocations=43 (full 0):
 garbage-first heap   total 262144K, used 193247K [0x00000000e0000000, 0x0000000100000000)
  region size 1024K, 75 young (76800K), 2 survivors (2048K)
 Metaspace       used 96491K, capacity 99597K, committed 100172K, reserved 342016K
  class space    used 12008K, capacity 13062K, committed 13184K, reserved 253952K
}
Event: 62985.096 GC heap after
{Heap after GC invocations=44 (full 0):
 garbage-first heap   total 262144K, used 121400K [0x00000000e0000000, 0x0000000100000000)
  region size 1024K, 4 young (4096K), 4 survivors (4096K)
 Metaspace       used 96491K, capacity 99597K, committed 100172K, reserved 342016K
  class space    used 12008K, capacity 13062K, committed 13184K, reserved 253952K
}
Event: 62985.539 GC heap before
{Heap before GC invocations=44 (full 0):
 garbage-first heap   total 262144K, used 198200K [0x00000000e0000000, 0x0000000100000000)
  region size 1024K, 79 young (80896K), 4 survivors (4096K)
 Metaspace       used 96820K, capacity 100034K, committed 100428K, reserved 342016K
  class space    used 12041K, capacity 13097K, committed 13184K, reserved 253952K
}
Event: 62985.545 GC heap after
{Heap after GC invocations=45 (full 0):
 garbage-first heap   total 262144K, used 125730K [0x00000000e0000000, 0x0000000100000000)
  region size 1024K, 9 young (9216K), 9 survivors (9216K)
 Metaspace       used 96820K, capacity 100034K, committed 100428K, reserved 342016K
  class space    used 12041K, capacity 13097K, committed 13184K, reserved 253952K
}
Event: 62985.739 GC heap before
{Heap before GC invocations=45 (full 0):
 garbage-first heap   total 262144K, used 202530K [0x00000000e0000000, 0x0000000100000000)
  region size 1024K, 84 young (86016K), 9 survivors (9216K)
 Metaspace       used 96881K, capacity 100100K, committed 100428K, reserved 342016K
  class space    used 12046K, capacity 13097K, committed 13184K, reserved 253952K
}
Event: 62985.747 GC heap after
{Heap after GC invocations=46 (full 0):
 garbage-first heap   total 262144K, used 127497K [0x00000000e0000000, 0x0000000100000000)
  region size 1024K, 7 young (7168K), 7 survivors (7168K)
 Metaspace       used 96881K, capacity 100100K, committed 100428K, reserved 342016K
  class space    used 12046K, capacity 13097K, committed 13184K, reserved 253952K
}
Event: 63197.323 GC heap before
{Heap before GC invocations=46 (full 0):
 garbage-first heap   total 262144K, used 205321K [0x00000000e0000000, 0x0000000100000000)
  region size 1024K, 84 young (86016K), 7 survivors (7168K)
 Metaspace       used 98562K, capacity 101797K, committed 102220K, reserved 344064K
  class space    used 12243K, capacity 13311K, committed 13440K, reserved 253952K
}
Event: 63197.345 GC heap after
{Heap after GC invocations=47 (full 0):
 garbage-first heap   total 262144K, used 133794K [0x00000000e0000000, 0x0000000100000000)
  region size 1024K, 9 young (9216K), 9 survivors (9216K)
 Metaspace       used 98562K, capacity 101797K, committed 102220K, reserved 344064K
  class space    used 12243K, capacity 13311K, committed 13440K, reserved 253952K
}

Deoptimization events (20 events):
Event: 62985.888 Thread 0x0000023419482000 DEOPT PACKING pc=0x00000234088f3f20 sp=0x0000006be28fa7e0
Event: 62985.888 Thread 0x0000023419482000 DEOPT UNPACKING pc=0x000002340004a1af sp=0x0000006be28fa788 mode 2
Event: 62985.894 Thread 0x0000023419482000 Uncommon trap: trap_request=0xffffffde fr.pc=0x0000023407bf8054 relative=0x0000000000000514
Event: 62985.894 Thread 0x0000023419482000 Uncommon trap: reason=class_check action=maybe_recompile pc=0x0000023407bf8054 method=java.lang.Throwable.<init>(Ljava/lang/String;Ljava/lang/Throwable;)V @ 24 c2
Event: 62985.894 Thread 0x0000023419482000 DEOPT PACKING pc=0x0000023407bf8054 sp=0x0000006be28fc250
Event: 62985.894 Thread 0x0000023419482000 DEOPT UNPACKING pc=0x000002340004a1af sp=0x0000006be28fc230 mode 2
Event: 62986.086 Thread 0x0000023419482000 Uncommon trap: trap_request=0xffffff4d fr.pc=0x0000023407b241ec relative=0x00000000000004ac
Event: 62986.086 Thread 0x0000023419482000 Uncommon trap: reason=unstable_if action=reinterpret pc=0x0000023407b241ec method=java.io.ObjectOutputStream.writeClassDesc(Ljava/io/ObjectStreamClass;Z)V @ 41 c2
Event: 62986.086 Thread 0x0000023419482000 DEOPT PACKING pc=0x0000023407b241ec sp=0x0000006be28fbee0
Event: 62986.086 Thread 0x0000023419482000 DEOPT UNPACKING pc=0x000002340004a1af sp=0x0000006be28fbe80 mode 2
Event: 62986.103 Thread 0x00000234153e8000 DEOPT PACKING pc=0x00000234019dcb9a sp=0x0000006be6fff1d0
Event: 62986.103 Thread 0x00000234153e8000 DEOPT UNPACKING pc=0x000002340004a95e sp=0x0000006be6ffe670 mode 0
Event: 63197.022 Thread 0x00000234199b4000 Uncommon trap: trap_request=0xffffffbe fr.pc=0x000002340892eb00 relative=0x0000000000003580
Event: 63197.022 Thread 0x00000234199b4000 Uncommon trap: reason=profile_predicate action=maybe_recompile pc=0x000002340892eb00 method=org.gradle.internal.typeconversion.CompositeNotationConverter.convert(Ljava/lang/Object;Lorg/gradle/internal/typeconversion/NotationConvertResult;)V @ 8 c2
Event: 63197.022 Thread 0x00000234199b4000 DEOPT PACKING pc=0x000002340892eb00 sp=0x0000006be28f99a0
Event: 63197.022 Thread 0x00000234199b4000 DEOPT UNPACKING pc=0x000002340004a1af sp=0x0000006be28f98f0 mode 2
Event: 63197.036 Thread 0x0000023414612000 Uncommon trap: trap_request=0xffffffde fr.pc=0x000002340828d9ac relative=0x00000000000008cc
Event: 63197.036 Thread 0x0000023414612000 Uncommon trap: reason=class_check action=maybe_recompile pc=0x000002340828d9ac method=org.gradle.internal.snapshot.ChildMap$Entry.handleAncestorDescendantOrExactMatch(Lorg/gradle/internal/snapshot/VfsRelativePath;Lorg/gradle/internal/snapshot/CaseSensitiv
Event: 63197.036 Thread 0x0000023414612000 DEOPT PACKING pc=0x000002340828d9ac sp=0x0000006be38fdea0
Event: 63197.036 Thread 0x0000023414612000 DEOPT UNPACKING pc=0x000002340004a1af sp=0x0000006be38fde80 mode 2

Classes redefined (0 events):
No events

Internal exceptions (20 events):
Event: 62985.776 Thread 0x0000023419482000 Exception <a 'java/lang/ClassNotFoundException'{0x00000000ef894490}: org/jetbrains/plugins/gradle/tooling/util/SourceSetCachedFinder$ArtifactsMapBeanInfo> (0x00000000ef894490) thrown at [./src/hotspot/share/classfile/systemDictionary.cpp, line 231]
Event: 62985.777 Thread 0x0000023419482000 Exception <a 'java/lang/ClassNotFoundException'{0x00000000ef8a43f0}: org/jetbrains/plugins/gradle/tooling/util/SourceSetCachedFinder$ArtifactsMapCustomizer> (0x00000000ef8a43f0) thrown at [./src/hotspot/share/classfile/systemDictionary.cpp, line 231]
Event: 62985.820 Thread 0x0000023419482000 Exception <a 'java/lang/NoSuchMethodError'{0x00000000ef53c478}: <clinit>> (0x00000000ef53c478) thrown at [./src/hotspot/share/prims/jni.cpp, line 1365]
Event: 62985.821 Thread 0x0000023419482000 Exception <a 'java/lang/NoSuchMethodError'{0x00000000ef54bc88}: <clinit>> (0x00000000ef54bc88) thrown at [./src/hotspot/share/prims/jni.cpp, line 1365]
Event: 62985.822 Thread 0x0000023419482000 Exception <a 'java/lang/NoSuchMethodError'{0x00000000ef55c070}: <clinit>> (0x00000000ef55c070) thrown at [./src/hotspot/share/prims/jni.cpp, line 1365]
Event: 62985.887 Thread 0x0000023419482000 Exception <a 'java/lang/NoSuchMethodError'{0x00000000ef2b87c8}: <clinit>> (0x00000000ef2b87c8) thrown at [./src/hotspot/share/prims/jni.cpp, line 1365]
Event: 62985.888 Thread 0x0000023419482000 Exception <a 'java/lang/NoSuchMethodError'{0x00000000ef2c6218}: <clinit>> (0x00000000ef2c6218) thrown at [./src/hotspot/share/prims/jni.cpp, line 1365]
Event: 62985.893 Thread 0x0000023419482000 Exception <a 'java/lang/NoSuchMethodError'{0x00000000ef1b5530}: <clinit>> (0x00000000ef1b5530) thrown at [./src/hotspot/share/prims/jni.cpp, line 1365]
Event: 62985.894 Thread 0x0000023419482000 Exception <a 'java/lang/NoSuchMethodError'{0x00000000ef1c3300}: <clinit>> (0x00000000ef1c3300) thrown at [./src/hotspot/share/prims/jni.cpp, line 1365]
Event: 62985.900 Thread 0x0000023419482000 Exception <a 'java/lang/ClassNotFoundException'{0x00000000ef1f9118}: org/jetbrains/plugins/gradle/tooling/util/JavaPluginUtilBeanInfo> (0x00000000ef1f9118) thrown at [./src/hotspot/share/classfile/systemDictionary.cpp, line 231]
Event: 62985.900 Thread 0x0000023419482000 Exception <a 'java/lang/ClassNotFoundException'{0x00000000ef007b28}: org/jetbrains/plugins/gradle/tooling/util/JavaPluginUtilCustomizer> (0x00000000ef007b28) thrown at [./src/hotspot/share/classfile/systemDictionary.cpp, line 231]
Event: 62985.914 Thread 0x0000023419482000 Exception <a 'java/lang/ClassNotFoundException'{0x00000000ef074ee0}: org/jetbrains/plugins/gradle/model/DefaultExternalSourceSetBeanInfo> (0x00000000ef074ee0) thrown at [./src/hotspot/share/classfile/systemDictionary.cpp, line 231]
Event: 62985.914 Thread 0x0000023419482000 Exception <a 'java/lang/ClassNotFoundException'{0x00000000ef084a50}: org/jetbrains/plugins/gradle/model/DefaultExternalSourceSetCustomizer> (0x00000000ef084a50) thrown at [./src/hotspot/share/classfile/systemDictionary.cpp, line 231]
Event: 62985.918 Thread 0x0000023419482000 Exception <a 'java/lang/ClassNotFoundException'{0x00000000ef0d3448}: org/jetbrains/plugins/gradle/model/DefaultExternalSourceDirectorySetBeanInfo> (0x00000000ef0d3448) thrown at [./src/hotspot/share/classfile/systemDictionary.cpp, line 231]
Event: 62985.918 Thread 0x0000023419482000 Exception <a 'java/lang/ClassNotFoundException'{0x00000000ef0e3880}: org/jetbrains/plugins/gradle/model/DefaultExternalSourceDirectorySetCustomizer> (0x00000000ef0e3880) thrown at [./src/hotspot/share/classfile/systemDictionary.cpp, line 231]
Event: 62985.925 Thread 0x0000023419482000 Exception <a 'java/lang/ClassNotFoundException'{0x00000000eef37488}: com/intellij/openapi/externalSystem/model/project/ExternalSystemSourceTypeBeanInfo> (0x00000000eef37488) thrown at [./src/hotspot/share/classfile/systemDictionary.cpp, line 231]
Event: 62985.925 Thread 0x0000023419482000 Exception <a 'java/lang/ClassNotFoundException'{0x00000000eef483a0}: com/intellij/openapi/externalSystem/model/project/ExternalSystemSourceTypeCustomizer> (0x00000000eef483a0) thrown at [./src/hotspot/share/classfile/systemDictionary.cpp, line 231]
Event: 62985.927 Thread 0x0000023419482000 Exception <a 'java/lang/ClassNotFoundException'{0x00000000eef7bfa0}: org/jetbrains/plugins/gradle/tooling/util/resolve/DependencyResolverImplBeanInfo> (0x00000000eef7bfa0) thrown at [./src/hotspot/share/classfile/systemDictionary.cpp, line 231]
Event: 62985.927 Thread 0x0000023419482000 Exception <a 'java/lang/ClassNotFoundException'{0x00000000eef8ccb8}: org/jetbrains/plugins/gradle/tooling/util/resolve/DependencyResolverImplCustomizer> (0x00000000eef8ccb8) thrown at [./src/hotspot/share/classfile/systemDictionary.cpp, line 231]
Event: 63197.016 Thread 0x00000234199b4000 Exception <a 'java/lang/NoClassDefFoundError'{0x00000000ed32eb00}: org/jetbrains/kotlin/gradle/plugin/KotlinPluginWrapper> (0x00000000ed32eb00) thrown at [./src/hotspot/share/oops/constantPool.cpp, line 775]

Events (20 events):
Event: 63197.204 Thread 0x00000234150b9800 Thread added: 0x00000234150b9800
Event: 63197.211 Thread 0x0000023414613000 Thread added: 0x0000023414613000
Event: 63197.218 Thread 0x000002341460d000 Thread added: 0x000002341460d000
Event: 63197.227 Thread 0x000002341460e800 Thread added: 0x000002341460e800
Event: 63197.232 Thread 0x00000234153e3000 Thread added: 0x00000234153e3000
Event: 63197.235 Thread 0x00000234153e4800 Thread added: 0x00000234153e4800
Event: 63197.239 Thread 0x00000234153e8800 Thread added: 0x00000234153e8800
Event: 63197.246 Thread 0x00000234153e9800 Thread added: 0x00000234153e9800
Event: 63197.251 Thread 0x00000234153e3800 Thread added: 0x00000234153e3800
Event: 63197.255 Thread 0x00000234153ea000 Thread added: 0x00000234153ea000
Event: 63197.259 Thread 0x00000234153e6000 Thread added: 0x00000234153e6000
Event: 63197.323 Executing VM operation: G1CollectForAllocation
Event: 63197.345 Executing VM operation: G1CollectForAllocation done
Event: 63197.370 Thread 0x00000234153e7000 Thread added: 0x00000234153e7000
Event: 63197.381 Thread 0x00000234153e8000 Thread added: 0x00000234153e8000
Event: 63197.389 Thread 0x00000234153eb000 Thread added: 0x00000234153eb000
Event: 63197.405 Thread 0x00000234153e5800 Thread added: 0x00000234153e5800
Event: 63197.411 Thread 0x00000234153ec800 Thread added: 0x00000234153ec800
Event: 63197.422 Thread 0x00000234153ee800 Thread added: 0x00000234153ee800
Event: 63197.438 Executing VM operation: CGC_Operation


Dynamic libraries:
0x00007ff6d69f0000 - 0x00007ff6d69fd000 	C:\Users\Jhon\.jdks\corretto-11.0.12\bin\java.exe
0x00007ffe20b30000 - 0x00007ffe20d25000 	C:\Windows\SYSTEM32\ntdll.dll
0x00007ffe1fc20000 - 0x00007ffe1fcdd000 	C:\Windows\System32\KERNEL32.DLL
0x00007ffe1e830000 - 0x00007ffe1eaf9000 	C:\Windows\System32\KERNELBASE.dll
0x00007ffe1e580000 - 0x00007ffe1e680000 	C:\Windows\System32\ucrtbase.dll
0x00007ffe120d0000 - 0x00007ffe120e9000 	C:\Users\Jhon\.jdks\corretto-11.0.12\bin\VCRUNTIME140.dll
0x00007ffe0a3f0000 - 0x00007ffe0a407000 	C:\Users\Jhon\.jdks\corretto-11.0.12\bin\jli.dll
0x00007ffe20200000 - 0x00007ffe203a0000 	C:\Windows\System32\USER32.dll
0x00007ffe07cc0000 - 0x00007ffe07f5a000 	C:\Windows\WinSxS\amd64_microsoft.windows.common-controls_6595b64144ccf1df_6.0.19041.1110_none_60b5254171f9507e\COMCTL32.dll
0x00007ffe1eb60000 - 0x00007ffe1eb82000 	C:\Windows\System32\win32u.dll
0x00007ffe1fb10000 - 0x00007ffe1fbae000 	C:\Windows\System32\msvcrt.dll
0x00007ffe20670000 - 0x00007ffe2069a000 	C:\Windows\System32\GDI32.dll
0x00007ffe1e470000 - 0x00007ffe1e57b000 	C:\Windows\System32\gdi32full.dll
0x00007ffe1e290000 - 0x00007ffe1e32d000 	C:\Windows\System32\msvcp_win.dll
0x00007ffe20990000 - 0x00007ffe209c0000 	C:\Windows\System32\IMM32.DLL
0x0000023474fb0000 - 0x0000023474fc3000 	C:\Windows\System32\umppc14003.dll
0x00007ffdc1270000 - 0x00007ffdc130b000 	C:\Users\Jhon\.jdks\corretto-11.0.12\bin\msvcp140.dll
0x00007ffdb9cc0000 - 0x00007ffdba81a000 	C:\Users\Jhon\.jdks\corretto-11.0.12\bin\server\jvm.dll
0x00007ffe209c0000 - 0x00007ffe20a6c000 	C:\Windows\System32\ADVAPI32.dll
0x00007ffe1f390000 - 0x00007ffe1f42b000 	C:\Windows\System32\sechost.dll
0x00007ffe20860000 - 0x00007ffe2098a000 	C:\Windows\System32\RPCRT4.dll
0x00007ffe1f380000 - 0x00007ffe1f388000 	C:\Windows\System32\PSAPI.DLL
0x00007ffdfb1a0000 - 0x00007ffdfb1a9000 	C:\Windows\SYSTEM32\WSOCK32.dll
0x00007ffe1fbb0000 - 0x00007ffe1fc1b000 	C:\Windows\System32\WS2_32.dll
0x00007ffdf6200000 - 0x00007ffdf6227000 	C:\Windows\SYSTEM32\WINMM.dll
0x00007ffe18270000 - 0x00007ffe1827a000 	C:\Windows\SYSTEM32\VERSION.dll
0x00007ffe1cab0000 - 0x00007ffe1cac2000 	C:\Windows\SYSTEM32\kernel.appcore.dll
0x00007ffe120c0000 - 0x00007ffe120d0000 	C:\Users\Jhon\.jdks\corretto-11.0.12\bin\verify.dll
0x00007ffe18540000 - 0x00007ffe18724000 	C:\Windows\SYSTEM32\DBGHELP.DLL
0x00007ffe10f20000 - 0x00007ffe10f4c000 	C:\Windows\SYSTEM32\dbgcore.DLL
0x00007ffe1e330000 - 0x00007ffe1e3b3000 	C:\Windows\System32\bcryptPrimitives.dll
0x00007ffdf9850000 - 0x00007ffdf9878000 	C:\Users\Jhon\.jdks\corretto-11.0.12\bin\java.dll
0x00007ffe11610000 - 0x00007ffe1161a000 	C:\Users\Jhon\.jdks\corretto-11.0.12\bin\jimage.dll
0x00007ffe07100000 - 0x00007ffe07117000 	C:\Users\Jhon\.jdks\corretto-11.0.12\bin\zip.dll
0x00007ffe1ec40000 - 0x00007ffe1f37f000 	C:\Windows\System32\SHELL32.dll
0x00007ffe1c2d0000 - 0x00007ffe1ca60000 	C:\Windows\SYSTEM32\windows.storage.dll
0x00007ffe1fe10000 - 0x00007ffe20165000 	C:\Windows\System32\combase.dll
0x00007ffe1dbe0000 - 0x00007ffe1dc0c000 	C:\Windows\SYSTEM32\Wldp.dll
0x00007ffe1f430000 - 0x00007ffe1f4de000 	C:\Windows\System32\SHCORE.dll
0x00007ffe1fdb0000 - 0x00007ffe1fe05000 	C:\Windows\System32\shlwapi.dll
0x00007ffe1e1a0000 - 0x00007ffe1e1bf000 	C:\Windows\SYSTEM32\profapi.dll
0x00007ffe00c00000 - 0x00007ffe00c19000 	C:\Users\Jhon\.jdks\corretto-11.0.12\bin\net.dll
0x00007ffe150c0000 - 0x00007ffe151c8000 	C:\Windows\SYSTEM32\WINHTTP.dll
0x00007ffe1d9c0000 - 0x00007ffe1da2a000 	C:\Windows\system32\mswsock.dll
0x00007ffdfdf80000 - 0x00007ffdfdf92000 	C:\Users\Jhon\.jdks\corretto-11.0.12\bin\nio.dll
0x00007ffe17c10000 - 0x00007ffe17c37000 	C:\Users\Jhon\.gradle\native\8bec1ad78214c89d9ad589b4d07fe93259594b29d510b10fafb7a158f7737e5d\windows-amd64\native-platform.dll
0x00007ffdc1b00000 - 0x00007ffdc1c3d000 	C:\Users\Jhon\.gradle\native\53dbd7edfb1c66fb8903c78663c9afc45aea4f116125fa6feffd364cf09443e8\windows-amd64\native-platform-file-events.dll
0x00007ffe10fe0000 - 0x00007ffe10fe9000 	C:\Users\Jhon\.jdks\corretto-11.0.12\bin\management.dll
0x00007ffdf9920000 - 0x00007ffdf992b000 	C:\Users\Jhon\.jdks\corretto-11.0.12\bin\management_ext.dll
0x00007ffe1dc20000 - 0x00007ffe1dc38000 	C:\Windows\SYSTEM32\CRYPTSP.dll
0x00007ffe1d2f0000 - 0x00007ffe1d324000 	C:\Windows\system32\rsaenh.dll
0x00007ffe1e260000 - 0x00007ffe1e287000 	C:\Windows\System32\bcrypt.dll
0x00007ffe1e160000 - 0x00007ffe1e18e000 	C:\Windows\SYSTEM32\USERENV.dll
0x00007ffe1db50000 - 0x00007ffe1db5c000 	C:\Windows\SYSTEM32\CRYPTBASE.dll
0x00007ffe1d680000 - 0x00007ffe1d6bb000 	C:\Windows\SYSTEM32\IPHLPAPI.DLL
0x00007ffe20660000 - 0x00007ffe20668000 	C:\Windows\System32\NSI.dll
0x00007ffe11220000 - 0x00007ffe11237000 	C:\Windows\SYSTEM32\dhcpcsvc6.DLL
0x00007ffe115f0000 - 0x00007ffe1160d000 	C:\Windows\SYSTEM32\dhcpcsvc.DLL
0x00007ffe1d6d0000 - 0x00007ffe1d79c000 	C:\Windows\SYSTEM32\DNSAPI.dll
0x00007ffe181e0000 - 0x00007ffe181ee000 	C:\Users\Jhon\.jdks\corretto-11.0.12\bin\sunmscapi.dll
0x00007ffe1e6d0000 - 0x00007ffe1e82f000 	C:\Windows\System32\CRYPT32.dll
0x00007ffe1dd30000 - 0x00007ffe1dd57000 	C:\Windows\SYSTEM32\ncrypt.dll
0x00007ffe1dcf0000 - 0x00007ffe1dd2b000 	C:\Windows\SYSTEM32\NTASN1.dll
0x00007ffe0aa70000 - 0x00007ffe0aa95000 	C:\Users\Jhon\.jdks\corretto-11.0.12\bin\sunec.dll
0x00007ffe11130000 - 0x00007ffe1113a000 	C:\Windows\System32\rasadhlp.dll
0x00007ffe109e0000 - 0x00007ffe10a5f000 	C:\Windows\System32\fwpuclnt.dll

dbghelp: loaded successfully - version: 4.0.5 - missing functions: none
symbol engine: initialized successfully - sym options: 0x614 - pdb path: .;C:\Users\Jhon\.jdks\corretto-11.0.12\bin;C:\Windows\SYSTEM32;C:\Windows\WinSxS\amd64_microsoft.windows.common-controls_6595b64144ccf1df_6.0.19041.1110_none_60b5254171f9507e;C:\Users\Jhon\.jdks\corretto-11.0.12\bin\server;C:\Users\Jhon\.gradle\native\8bec1ad78214c89d9ad589b4d07fe93259594b29d510b10fafb7a158f7737e5d\windows-amd64;C:\Users\Jhon\.gradle\native\53dbd7edfb1c66fb8903c78663c9afc45aea4f116125fa6feffd364cf09443e8\windows-amd64

VM Arguments:
jvm_args: --add-opens=java.base/java.util=ALL-UNNAMED --add-opens=java.base/java.lang=ALL-UNNAMED --add-opens=java.base/java.lang.invoke=ALL-UNNAMED --add-opens=java.base/java.util=ALL-UNNAMED --add-opens=java.prefs/java.util.prefs=ALL-UNNAMED --add-opens=java.prefs/java.util.prefs=ALL-UNNAMED --add-opens=java.base/java.nio.charset=ALL-UNNAMED --add-opens=java.base/java.net=ALL-UNNAMED --add-opens=java.base/java.util.concurrent.atomic=ALL-UNNAMED -XX:MaxMetaspaceSize=256m -XX:+HeapDumpOnOutOfMemoryError -Xms256m -Xmx512m -Dfile.encoding=windows-1252 -Duser.country=BR -Duser.language=pt -Duser.variant 
java_command: org.gradle.launcher.daemon.bootstrap.GradleDaemon 7.1.1
java_class_path (initial): C:\Users\Jhon\.gradle\wrapper\dists\gradle-7.1.1-bin\f29rtwfnc96ub43tt7p47zsru\gradle-7.1.1\lib\gradle-launcher-7.1.1.jar
Launcher Type: SUN_STANDARD

[Global flags]
     intx CICompilerCount                          = 4                                         {product} {ergonomic}
   size_t CompressedClassSpaceSize                 = 260046848                                 {product} {ergonomic}
     uint ConcGCThreads                            = 2                                         {product} {ergonomic}
     uint G1ConcRefinementThreads                  = 8                                         {product} {ergonomic}
   size_t G1HeapRegionSize                         = 1048576                                   {product} {ergonomic}
    uintx GCDrainStackTargetSize                   = 64                                        {product} {ergonomic}
     bool HeapDumpOnOutOfMemoryError               = true                                   {manageable} {command line}
   size_t InitialHeapSize                          = 268435456                                 {product} {command line}
   size_t MarkStackSize                            = 4194304                                   {product} {ergonomic}
   size_t MaxHeapSize                              = 536870912                                 {product} {command line}
   size_t MaxMetaspaceSize                         = 268435456                                 {product} {command line}
   size_t MaxNewSize                               = 321912832                                 {product} {ergonomic}
   size_t MinHeapDeltaBytes                        = 1048576                                   {product} {ergonomic}
    uintx NonNMethodCodeHeapSize                   = 5836300                                {pd product} {ergonomic}
    uintx NonProfiledCodeHeapSize                  = 122910970                              {pd product} {ergonomic}
    uintx ProfiledCodeHeapSize                     = 122910970                              {pd product} {ergonomic}
    uintx ReservedCodeCacheSize                    = 251658240                              {pd product} {ergonomic}
     bool SegmentedCodeCache                       = true                                      {product} {ergonomic}
     bool UseCompressedClassPointers               = true                                 {lp64_product} {ergonomic}
     bool UseCompressedOops                        = true                                 {lp64_product} {ergonomic}
     bool UseG1GC                                  = true                                      {product} {ergonomic}
     bool UseLargePagesIndividualAllocation        = false                                  {pd product} {ergonomic}

Logging:
Log output configuration:
 #0: stdout all=warning uptime,level,tags
 #1: stderr all=off uptime,level,tags

Environment Variables:
PATH=C:\Python39\Scripts\;C:\Python39\;C:\Program Files (x86)\Common Files\Oracle\Java\javapath;C:\Windows\system32;C:\Windows;C:\Windows\System32\Wbem;C:\Windows\System32\WindowsPowerShell\v1.0\;C:\Windows\System32\OpenSSH\;C:\Program Files (x86)\Microsoft SQL Server\150\DTS\Binn\;C:\Program Files\Azure Data Studio\bin;C:\Program Files\TortoiseSVN\bin;C:\Program Files\dotnet\;C:\Program Files\Microsoft SQL Server\130\Tools\Binn\;C:\Program Files\Microsoft SQL Server\Client SDK\ODBC\170\Tools\Binn\;C:\Program Files (x86)\dotnet\;C:\Program Files\Git\cmd;C:\Program Files\nodejs\;C:\ProgramData\chocolatey\bin;;C:\Program Files\Docker\Docker\resources\bin;C:\ProgramData\DockerDesktop\version-bin;C:\Ruby30-x64\bin;C:\Users\Jhon\AppData\Local\Microsoft\WindowsApps;;C:\Users\Jhon\AppData\Local\Programs\Microsoft VS Code\bin;C:\Program Files\Azure Data Studio\bin;C:\Users\Jhon\.dotnet\tools;C:\Program Files\JetBrains\IntelliJ IDEA Community Edition 2021.1.3\bin;;C:\Users\Jhon\AppData\Roaming\npm
USERNAME=Jhon
OS=Windows_NT
PROCESSOR_IDENTIFIER=Intel64 Family 6 Model 142 Stepping 12, GenuineIntel



---------------  S Y S T E M  ---------------

OS: Windows 10 , 64 bit Build 19041 (10.0.19041.1151)
OS uptime: 1 days 16:05 hours
Hyper-V role detected

CPU:total 8 (initial active 8) (4 cores per cpu, 2 threads per core) family 6 model 142 stepping 12 microcode 0xde, cmov, cx8, fxsr, mmx, sse, sse2, sse3, ssse3, sse4.1, sse4.2, popcnt, avx, avx2, aes, clmul, erms, 3dnowpref, lzcnt, ht, tsc, tscinvbit, bmi1, bmi2, adx, fma

Memory: 4k page, system-wide physical 16144M (3646M free)
TotalPageFile size 24833M (AvailPageFile size 4052M)
current process WorkingSet (physical memory assigned to process): 538M, peak: 577M
current process commit charge ("private bytes"): 616M, peak: 658M

vm_info: OpenJDK 64-Bit Server VM (11.0.12+7-LTS) for windows-amd64 JRE (11.0.12+7-LTS), built on Jul 13 2021 17:58:36 by "Administrator" with unknown MS VC++:1916

END.
